Setting output root to /rw/nytimes-web2pdf
Pulling page from https://www.nytimes.com/, translating to gfm, output: /rw/nytimes-web2pdf/https/www.nytimes.com.html
gfm file successfully generated.
Translating /rw/nytimes-web2pdf/https/www.nytimes.com.html.md to LaTeX, output: /rw/nytimes-web2pdf/https/www.nytimes.com.html.md.tex
LaTeX file successfully generated.
Searching through /rw/nytimes-web2pdf/https/www.nytimes.com.html.md.tex for URLs to add to /tmp/web2pdf/11572/11774.urls. Prefix: https://www.nytimes.com
checking-in possible sub-url: https://www.nytimes.com/
checking-in possible sub-url: https://www.nytimes.com/2020/08/13/podcasts/nice-white-parents-school.html
checking-in possible sub-url: https://www.nytimes.com/2020/08/14/us/queer-lesbian-women-suffrage.html
checking-in possible sub-url: https://www.nytimes.com/2020/08/15/opinion/joe-biden-2020-1988-what-it-takes.html
checking-in possible sub-url: https://www.nytimes.com/2020/08/16/nyregion/metropolitan-diary.html
checking-in possible sub-url: https://www.nytimes.com/2020/08/16/opinion/us-coronavirus-testing.html
checking-in possible sub-url: https://www.nytimes.com/2020/08/16/style/does-rapid-covid-testing-work-weddings-parties.html
checking-in possible sub-url: https://www.nytimes.com/2020/08/17/business/giant-bikes-coronavirus-shortage.html
checking-in possible sub-url: https://www.nytimes.com/2020/08/17/health/coronavirus-herd-immunity.html
checking-in possible sub-url: https://www.nytimes.com/2020/08/17/opinion/bernie-sanders-joe-biden.html
checking-in possible sub-url: https://www.nytimes.com/2020/08/17/opinion/coronavirus-cities-suburbs.html
checking-in possible sub-url: https://www.nytimes.com/2020/08/17/opinion/coronavirus-schools-teachers.html
checking-in possible sub-url: https://www.nytimes.com/2020/08/17/opinion/joe-biden-conservative-2020.html
checking-in possible sub-url: https://www.nytimes.com/2020/08/17/opinion/thailand-protests.html
checking-in possible sub-url: https://www.nytimes.com/2020/08/17/opinion/trump-biden-harris-democratic-convention.html
checking-in possible sub-url: https://www.nytimes.com/2020/08/17/opinion/trump-contested-election-protests.html
checking-in possible sub-url: https://www.nytimes.com/2020/08/17/opinion/trump-post-office-election.html
checking-in possible sub-url: https://www.nytimes.com/2020/08/17/opinion/trump-us-mail.html
checking-in possible sub-url: https://www.nytimes.com/2020/08/17/podcasts/the-daily/trump-coronavirus-vaccine-covid.html
checking-in possible sub-url: https://www.nytimes.com/2020/08/17/upshot/pandemic-recession-cities-fiscal-shortfall.html
checking-in possible sub-url: https://www.nytimes.com/2020/08/17/us/politics/bernie-sanders-democratic-convention.html
checking-in possible sub-url: https://www.nytimes.com/2020/08/17/us/politics/china-spying-alexander-yuk-ching-ma.html
checking-in possible sub-url: https://www.nytimes.com/2020/08/17/us/politics/convention-democratic-night-1.html
checking-in possible sub-url: https://www.nytimes.com/2020/08/17/us/politics/dejoy-postal-service-mail-in-voting.html
checking-in possible sub-url: https://www.nytimes.com/2020/08/17/us/politics/democratic-national-convention-recap.html
checking-in possible sub-url: https://www.nytimes.com/2020/08/17/us/politics/john-kasich-biden.html
checking-in possible sub-url: https://www.nytimes.com/2020/08/17/us/politics/postal-service-voting.html
checking-in possible sub-url: https://www.nytimes.com/2020/08/17/us/politics/trump-court-transgender-rights.html
checking-in possible sub-url: https://www.nytimes.com/2020/08/17/world/coronavirus-covid.html
checking-in possible sub-url: https://www.nytimes.com/2020/08/17/world/europe/belarus-lukashenko-protests.html
checking-in possible sub-url: https://www.nytimes.com/article/republicans-voting-for-biden-not-trump.html
checking-in possible sub-url: https://www.nytimes.com/article/Vote-by-mail.html
checking-in possible sub-url: https://www.nytimes.com/es/
checking-in possible sub-url: https://www.nytimes.com/live/2020/08/17/us/dnc-convention
checking-in possible sub-url: https://www.nytimes.com/newsletters/coronavirus-schools-briefing
checking-in possible sub-url: https://www.nytimes.com/privacy
checking-in possible sub-url: https://www.nytimes.com/privacy/cookie-policy
checking-in possible sub-url: https://www.nytimes.com/section/arts
checking-in possible sub-url: https://www.nytimes.com/section/books
checking-in possible sub-url: https://www.nytimes.com/section/business
checking-in possible sub-url: https://www.nytimes.com/section/food
checking-in possible sub-url: https://www.nytimes.com/section/health
checking-in possible sub-url: https://www.nytimes.com/section/magazine
checking-in possible sub-url: https://www.nytimes.com/section/nyregion
checking-in possible sub-url: https://www.nytimes.com/section/opinion
checking-in possible sub-url: https://www.nytimes.com/section/opinion?pagetype=Homepage
checking-in possible sub-url: https://www.nytimes.com/section/politics
checking-in possible sub-url: https://www.nytimes.com/section/realestate
checking-in possible sub-url: https://www.nytimes.com/section/science
checking-in possible sub-url: https://www.nytimes.com/section/sports
checking-in possible sub-url: https://www.nytimes.com/section/style
checking-in possible sub-url: https://www.nytimes.com/section/technology
checking-in possible sub-url: https://www.nytimes.com/section/t-magazine
checking-in possible sub-url: https://www.nytimes.com/section/todayspaper
checking-in possible sub-url: https://www.nytimes.com/section/travel
checking-in possible sub-url: https://www.nytimes.com/section/us
checking-in possible sub-url: https://www.nytimes.com/section/world
checking-in possible sub-url: https://www.nytimes.com/subscription?campaignId=37WXW
checking-in possible sub-url: https://www.nytimes.com/video
To-do: 59; Done: 0
fetching URL: https://www.nytimes.com/
Now before generate_all: https://www.nytimes.com/
Pulling page from https://www.nytimes.com/, translating to gfm, output: /rw/nytimes-web2pdf/https/www.nytimes.com.html
gfm file successfully generated.
Translating /rw/nytimes-web2pdf/https/www.nytimes.com.html.md to LaTeX, output: /rw/nytimes-web2pdf/https/www.nytimes.com.html.md.tex
LaTeX file successfully generated.
Searching through /rw/nytimes-web2pdf/https/www.nytimes.com.html.md.tex for URLs to add to /tmp/web2pdf/11572/11774.urls. Prefix: https://www.nytimes.com
checking-in possible sub-url: https://www.nytimes.com/2020/08/17/opinion/covid-19-heart-disease.html
checking-in possible sub-url: https://www.nytimes.com/2020/08/17/technology/coronavirus-disinformation-doctors.html
checking-in possible sub-url: https://www.nytimes.com/2020/08/17/us/k-12-schools-reopening.html
checking-in possible sub-url: https://www.nytimes.com/2020/08/17/world/coronavirus-television-schools.html
checking-in possible sub-url: https://www.nytimes.com/2020/08/17/us/politics/trump-campaign-biden-harris.html
checking-in possible sub-url: https://www.nytimes.com/interactive/2020/08/17/us/politics/democratic-national-convention-live-stream-analysis.html
checking-in possible sub-url: https://www.nytimes.com/section/opinion?pagetype=Homepage
checking-in possible sub-url: https://www.nytimes.com/subscription?campaignId=37WXW
To-do: 64; Done: 1
fetching URL: https://www.nytimes.com/2020/08/13/podcasts/nice-white-parents-school.html
Now before generate_all: https://www.nytimes.com/2020/08/13/podcasts/nice-white-parents-school.html
Pulling page from https://www.nytimes.com/2020/08/13/podcasts/nice-white-parents-school.html, translating to gfm, output: /rw/nytimes-web2pdf/https/www.nytimes.com/2020/08/13/podcasts/nice-white-parents-school.html.html
gfm file successfully generated.
Translating /rw/nytimes-web2pdf/https/www.nytimes.com/2020/08/13/podcasts/nice-white-parents-school.html.html.md to LaTeX, output: /rw/nytimes-web2pdf/https/www.nytimes.com/2020/08/13/podcasts/nice-white-parents-school.html.html.md.tex
LaTeX file successfully generated.
Searching through /rw/nytimes-web2pdf/https/www.nytimes.com/2020/08/13/podcasts/nice-white-parents-school.html.html.md.tex for URLs to add to /tmp/web2pdf/11572/11774.urls. Prefix: https://www.nytimes.com
checking-in possible sub-url: https://www.nytimes.com/2020/07/23/podcasts/nice-white-parents-serial.html
checking-in possible sub-url: https://www.nytimes.com/2020/07/30/podcasts/nice-white-parents-serial-2.html
checking-in possible sub-url: https://www.nytimes.com/2020/07/30/podcasts/nice-white-parents-serial.html
checking-in possible sub-url: https://www.nytimes.com/2020/08/06/podcasts/episode-three-this-is-our-school-how-dare-you.html
checking-in possible sub-url: https://www.nytimes.com/column/nice-white-parents
checking-in possible sub-url: https://www.nytimes.com/spotlight/podcasts
checking-in possible sub-url: https://www.nytimes.com/subscription?campaignId=37WXW
To-do: 69; Done: 2
fetching URL: https://www.nytimes.com/2020/07/23/podcasts/nice-white-parents-serial.html
Now before generate_all: https://www.nytimes.com/2020/07/23/podcasts/nice-white-parents-serial.html
Pulling page from https://www.nytimes.com/2020/07/23/podcasts/nice-white-parents-serial.html, translating to gfm, output: /rw/nytimes-web2pdf/https/www.nytimes.com/2020/07/23/podcasts/nice-white-parents-serial.html.html
gfm file successfully generated.
Translating /rw/nytimes-web2pdf/https/www.nytimes.com/2020/07/23/podcasts/nice-white-parents-serial.html.html.md to LaTeX, output: /rw/nytimes-web2pdf/https/www.nytimes.com/2020/07/23/podcasts/nice-white-parents-serial.html.html.md.tex
LaTeX file successfully generated.
Searching through /rw/nytimes-web2pdf/https/www.nytimes.com/2020/07/23/podcasts/nice-white-parents-serial.html.html.md.tex for URLs to add to /tmp/web2pdf/11572/11774.urls. Prefix: https://www.nytimes.com
checking-in possible sub-url: https://www.nytimes.com/subscription?campaignId=37WXW
To-do: 68; Done: 3
fetching URL: https://www.nytimes.com/2020/07/30/podcasts/nice-white-parents-serial-2.html
Now before generate_all: https://www.nytimes.com/2020/07/30/podcasts/nice-white-parents-serial-2.html
Pulling page from https://www.nytimes.com/2020/07/30/podcasts/nice-white-parents-serial-2.html, translating to gfm, output: /rw/nytimes-web2pdf/https/www.nytimes.com/2020/07/30/podcasts/nice-white-parents-serial-2.html.html
gfm file successfully generated.
Translating /rw/nytimes-web2pdf/https/www.nytimes.com/2020/07/30/podcasts/nice-white-parents-serial-2.html.html.md to LaTeX, output: /rw/nytimes-web2pdf/https/www.nytimes.com/2020/07/30/podcasts/nice-white-parents-serial-2.html.html.md.tex
LaTeX file successfully generated.
Searching through /rw/nytimes-web2pdf/https/www.nytimes.com/2020/07/30/podcasts/nice-white-parents-serial-2.html.html.md.tex for URLs to add to /tmp/web2pdf/11572/11774.urls. Prefix: https://www.nytimes.com
checking-in possible sub-url: https://www.nytimes.com/subscription?campaignId=37WXW
To-do: 67; Done: 4
fetching URL: https://www.nytimes.com/2020/07/30/podcasts/nice-white-parents-serial.html
Now before generate_all: https://www.nytimes.com/2020/07/30/podcasts/nice-white-parents-serial.html
Pulling page from https://www.nytimes.com/2020/07/30/podcasts/nice-white-parents-serial.html, translating to gfm, output: /rw/nytimes-web2pdf/https/www.nytimes.com/2020/07/30/podcasts/nice-white-parents-serial.html.html
gfm file successfully generated.
Translating /rw/nytimes-web2pdf/https/www.nytimes.com/2020/07/30/podcasts/nice-white-parents-serial.html.html.md to LaTeX, output: /rw/nytimes-web2pdf/https/www.nytimes.com/2020/07/30/podcasts/nice-white-parents-serial.html.html.md.tex
LaTeX file successfully generated.
Searching through /rw/nytimes-web2pdf/https/www.nytimes.com/2020/07/30/podcasts/nice-white-parents-serial.html.html.md.tex for URLs to add to /tmp/web2pdf/11572/11774.urls. Prefix: https://www.nytimes.com
checking-in possible sub-url: https://www.nytimes.com/subscription?campaignId=37WXW
To-do: 66; Done: 5
fetching URL: https://www.nytimes.com/2020/08/06/podcasts/episode-three-this-is-our-school-how-dare-you.html
Now before generate_all: https://www.nytimes.com/2020/08/06/podcasts/episode-three-this-is-our-school-how-dare-you.html
Pulling page from https://www.nytimes.com/2020/08/06/podcasts/episode-three-this-is-our-school-how-dare-you.html, translating to gfm, output: /rw/nytimes-web2pdf/https/www.nytimes.com/2020/08/06/podcasts/episode-three-this-is-our-school-how-dare-you.html.html
gfm file successfully generated.
Translating /rw/nytimes-web2pdf/https/www.nytimes.com/2020/08/06/podcasts/episode-three-this-is-our-school-how-dare-you.html.html.md to LaTeX, output: /rw/nytimes-web2pdf/https/www.nytimes.com/2020/08/06/podcasts/episode-three-this-is-our-school-how-dare-you.html.html.md.tex
LaTeX file successfully generated.
Searching through /rw/nytimes-web2pdf/https/www.nytimes.com/2020/08/06/podcasts/episode-three-this-is-our-school-how-dare-you.html.html.md.tex for URLs to add to /tmp/web2pdf/11572/11774.urls. Prefix: https://www.nytimes.com
checking-in possible sub-url: https://www.nytimes.com/2020/08/14/dining/lobster-salad-recipe.html
checking-in possible sub-url: https://www.nytimes.com/2020/08/15/at-home/coronavirus-at-home-quick-exercises.html
checking-in possible sub-url: https://www.nytimes.com/2020/08/15/at-home/coronavirus-fall-patio-furniture.html
checking-in possible sub-url: https://www.nytimes.com/interactive/2020/at-home/even-more-reporters-editors-diaries-lists-recommendations.html
checking-in possible sub-url: https://www.nytimes.com/spotlight/at-home?action=click
checking-in possible sub-url: https://www.nytimes.com/subscription?campaignId=37WXW
To-do: 70; Done: 6
fetching URL: https://www.nytimes.com/2020/08/14/dining/lobster-salad-recipe.html
Now before generate_all: https://www.nytimes.com/2020/08/14/dining/lobster-salad-recipe.html
Pulling page from https://www.nytimes.com/2020/08/14/dining/lobster-salad-recipe.html, translating to gfm, output: /rw/nytimes-web2pdf/https/www.nytimes.com/2020/08/14/dining/lobster-salad-recipe.html.html
gfm file successfully generated.
Translating /rw/nytimes-web2pdf/https/www.nytimes.com/2020/08/14/dining/lobster-salad-recipe.html.html.md to LaTeX, output: /rw/nytimes-web2pdf/https/www.nytimes.com/2020/08/14/dining/lobster-salad-recipe.html.html.md.tex
LaTeX file successfully generated.
Searching through /rw/nytimes-web2pdf/https/www.nytimes.com/2020/08/14/dining/lobster-salad-recipe.html.html.md.tex for URLs to add to /tmp/web2pdf/11572/11774.urls. Prefix: https://www.nytimes.com
checking-in possible sub-url: https://www.nytimes.com/2020/07/03/us/maine-lobster-summer-virus.html
checking-in possible sub-url: https://www.nytimes.com/by/david-tanis
checking-in possible sub-url: https://www.nytimes.com/newsletters/cooking
checking-in possible sub-url: https://www.nytimes.com/spotlight/at-home?action=click
checking-in possible sub-url: https://www.nytimes.com/subscription?campaignId=37WXW
To-do: 72; Done: 7
fetching URL: https://www.nytimes.com/2020/07/03/us/maine-lobster-summer-virus.html
Now before generate_all: https://www.nytimes.com/2020/07/03/us/maine-lobster-summer-virus.html
Pulling page from https://www.nytimes.com/2020/07/03/us/maine-lobster-summer-virus.html, translating to gfm, output: /rw/nytimes-web2pdf/https/www.nytimes.com/2020/07/03/us/maine-lobster-summer-virus.html.html
gfm file successfully generated.
Translating /rw/nytimes-web2pdf/https/www.nytimes.com/2020/07/03/us/maine-lobster-summer-virus.html.html.md to LaTeX, output: /rw/nytimes-web2pdf/https/www.nytimes.com/2020/07/03/us/maine-lobster-summer-virus.html.html.md.tex
LaTeX file successfully generated.
Searching through /rw/nytimes-web2pdf/https/www.nytimes.com/2020/07/03/us/maine-lobster-summer-virus.html.html.md.tex for URLs to add to /tmp/web2pdf/11572/11774.urls. Prefix: https://www.nytimes.com
checking-in possible sub-url: https://www.nytimes.com/2017/11/12/business/trump-trade-lobster-canada.html
checking-in possible sub-url: https://www.nytimes.com/2018/06/21/climate/maine-lobsters.html
checking-in possible sub-url: https://www.nytimes.com/2020/04/14/health/coronavirus-six-feet.html
checking-in possible sub-url: https://www.nytimes.com/2020/05/02/business/economy/loans-coronavirus-small-business.html
checking-in possible sub-url: https://www.nytimes.com/2020/05/07/health/coronavirus-antibody-prevalence.html
checking-in possible sub-url: https://www.nytimes.com/2020/05/29/us/coronavirus-child-care-centers.html
checking-in possible sub-url: https://www.nytimes.com/2020/06/03/business/economy/coronavirus-working-women.html
checking-in possible sub-url: https://www.nytimes.com/2020/06/05/us/coronavirus-education-lost-learning.html
checking-in possible sub-url: https://www.nytimes.com/2020/06/10/business/Small-business-loans-ppp.html
checking-in possible sub-url: https://www.nytimes.com/2020/06/26/us/coronavirus-schools-reopen-fall.html
checking-in possible sub-url: https://www.nytimes.com/2020/07/13/us/lausd-san-diego-school-reopening.html
checking-in possible sub-url: https://www.nytimes.com/2020/07/22/health/covid-antibodies-herd-immunity.html
checking-in possible sub-url: https://www.nytimes.com/article/coronavirus-money-unemployment.html
checking-in possible sub-url: https://www.nytimes.com/article/small-business-loans-stimulus-grants-freelancers-coronavirus.html
checking-in possible sub-url: https://www.nytimes.com/by/thomas-gibbons-neff
checking-in possible sub-url: https://www.nytimes.com/interactive/2020/05/07/business/small-business-loans-coronavirus.html
checking-in possible sub-url: https://www.nytimes.com/interactive/2020/science/coronavirus-vaccine-tracker.html
checking-in possible sub-url: https://www.nytimes.com/interactive/2020/us/coronavirus-us-cases.html
checking-in possible sub-url: https://www.nytimes.com/interactive/2020/us/maine-coronavirus-cases.html
checking-in possible sub-url: https://www.nytimes.com/live/2020/08/17/business/stock-market-today-coronavirus?action=click
checking-in possible sub-url: https://www.nytimes.com/live/2020/08/17/business/stock-market-today-coronavirus?name=styln-coronavirus-national
checking-in possible sub-url: https://www.nytimes.com/news-event/coronavirus?action=click
checking-in possible sub-url: https://www.nytimes.com/news-event/coronavirus?name=styln-coronavirus-national
checking-in possible sub-url: https://www.nytimes.com/subscription?campaignId=37WXW
To-do: 94; Done: 8
fetching URL: https://www.nytimes.com/2017/11/12/business/trump-trade-lobster-canada.html
Now before generate_all: https://www.nytimes.com/2017/11/12/business/trump-trade-lobster-canada.html
Pulling page from https://www.nytimes.com/2017/11/12/business/trump-trade-lobster-canada.html, translating to gfm, output: /rw/nytimes-web2pdf/https/www.nytimes.com/2017/11/12/business/trump-trade-lobster-canada.html.html
gfm file successfully generated.
Translating /rw/nytimes-web2pdf/https/www.nytimes.com/2017/11/12/business/trump-trade-lobster-canada.html.html.md to LaTeX, output: /rw/nytimes-web2pdf/https/www.nytimes.com/2017/11/12/business/trump-trade-lobster-canada.html.html.md.tex
LaTeX file successfully generated.
Searching through /rw/nytimes-web2pdf/https/www.nytimes.com/2017/11/12/business/trump-trade-lobster-canada.html.html.md.tex for URLs to add to /tmp/web2pdf/11572/11774.urls. Prefix: https://www.nytimes.com
checking-in possible sub-url: https://www.nytimes.com/by/ana-swanson
checking-in possible sub-url: https://www.nytimes.com/subscription?campaignId=37WXW
To-do: 94; Done: 9
fetching URL: https://www.nytimes.com/2018/06/21/climate/maine-lobsters.html
Now before generate_all: https://www.nytimes.com/2018/06/21/climate/maine-lobsters.html
Pulling page from https://www.nytimes.com/2018/06/21/climate/maine-lobsters.html, translating to gfm, output: /rw/nytimes-web2pdf/https/www.nytimes.com/2018/06/21/climate/maine-lobsters.html.html
gfm file successfully generated.
Translating /rw/nytimes-web2pdf/https/www.nytimes.com/2018/06/21/climate/maine-lobsters.html.html.md to LaTeX, output: /rw/nytimes-web2pdf/https/www.nytimes.com/2018/06/21/climate/maine-lobsters.html.html.md.tex
LaTeX file successfully generated.
Searching through /rw/nytimes-web2pdf/https/www.nytimes.com/2018/06/21/climate/maine-lobsters.html.html.md.tex for URLs to add to /tmp/web2pdf/11572/11774.urls. Prefix: https://www.nytimes.com
checking-in possible sub-url: https://www.nytimes.com/2020/08/12/climate/kamala-harris-environmental-justice.html
checking-in possible sub-url: https://www.nytimes.com/2020/08/13/climate/trump-methane.html
checking-in possible sub-url: https://www.nytimes.com/2020/08/17/climate/alaska-oil-drilling-anwr.html
checking-in possible sub-url: https://www.nytimes.com/by/livia-albeck-ripka
checking-in possible sub-url: https://www.nytimes.com/interactive/2017/10/10/us/aquaculture.html
checking-in possible sub-url: https://www.nytimes.com/interactive/2018/08/30/climate/how-much-hotter-is-your-hometown.html
checking-in possible sub-url: https://www.nytimes.com/interactive/2020/04/19/climate/climate-crash-course-1.html
checking-in possible sub-url: https://www.nytimes.com/interactive/2020/08/06/climate/climate-change-inequality-heat.html
checking-in possible sub-url: https://www.nytimes.com/interactive/2020/climate/trump-environment-rollbacks.html
checking-in possible sub-url: https://www.nytimes.com/section/climate?action=click
checking-in possible sub-url: https://www.nytimes.com/section/climate?name=styln-climate
checking-in possible sub-url: https://www.nytimes.com/subscription?campaignId=37WXW
To-do: 104; Done: 10
fetching URL: https://www.nytimes.com/2020/04/14/health/coronavirus-six-feet.html
Now before generate_all: https://www.nytimes.com/2020/04/14/health/coronavirus-six-feet.html
Pulling page from https://www.nytimes.com/2020/04/14/health/coronavirus-six-feet.html, translating to gfm, output: /rw/nytimes-web2pdf/https/www.nytimes.com/2020/04/14/health/coronavirus-six-feet.html.html
gfm file successfully generated.
Translating /rw/nytimes-web2pdf/https/www.nytimes.com/2020/04/14/health/coronavirus-six-feet.html.html.md to LaTeX, output: /rw/nytimes-web2pdf/https/www.nytimes.com/2020/04/14/health/coronavirus-six-feet.html.html.md.tex
LaTeX file successfully generated.
Searching through /rw/nytimes-web2pdf/https/www.nytimes.com/2020/04/14/health/coronavirus-six-feet.html.html.md.tex for URLs to add to /tmp/web2pdf/11572/11774.urls. Prefix: https://www.nytimes.com
checking-in possible sub-url: https://www.nytimes.com/by/james-gorman
checking-in possible sub-url: https://www.nytimes.com/by/kenneth-chang
checking-in possible sub-url: https://www.nytimes.com/by/knvul-sheikh
checking-in possible sub-url: https://www.nytimes.com/interactive/2020/04/02/us/coronavirus-social-distancing.html
checking-in possible sub-url: https://www.nytimes.com/interactive/2020/04/14/science/coronavirus-transmission-cough-6-feet-ar-ul.html
checking-in possible sub-url: https://www.nytimes.com/live/2020/08/17/business/stock-market-today-coronavirus?action=click
checking-in possible sub-url: https://www.nytimes.com/live/2020/08/17/business/stock-market-today-coronavirus?name=styln-coronavirus-national
checking-in possible sub-url: https://www.nytimes.com/news-event/coronavirus?action=click
checking-in possible sub-url: https://www.nytimes.com/news-event/coronavirus?name=styln-coronavirus-national
checking-in possible sub-url: https://www.nytimes.com/subscription?campaignId=37WXW
To-do: 108; Done: 11
fetching URL: https://www.nytimes.com/2020/05/02/business/economy/loans-coronavirus-small-business.html
Now before generate_all: https://www.nytimes.com/2020/05/02/business/economy/loans-coronavirus-small-business.html
Pulling page from https://www.nytimes.com/2020/05/02/business/economy/loans-coronavirus-small-business.html, translating to gfm, output: /rw/nytimes-web2pdf/https/www.nytimes.com/2020/05/02/business/economy/loans-coronavirus-small-business.html.html
gfm file successfully generated.
Translating /rw/nytimes-web2pdf/https/www.nytimes.com/2020/05/02/business/economy/loans-coronavirus-small-business.html.html.md to LaTeX, output: /rw/nytimes-web2pdf/https/www.nytimes.com/2020/05/02/business/economy/loans-coronavirus-small-business.html.html.md.tex
LaTeX file successfully generated.
Searching through /rw/nytimes-web2pdf/https/www.nytimes.com/2020/05/02/business/economy/loans-coronavirus-small-business.html.html.md.tex for URLs to add to /tmp/web2pdf/11572/11774.urls. Prefix: https://www.nytimes.com
checking-in possible sub-url: https://www.nytimes.com/2020/04/26/business/coronavirus-small-business-loans-large-companies.html
checking-in possible sub-url: https://www.nytimes.com/2020/04/29/business/economy/us-gdp.html
checking-in possible sub-url: https://www.nytimes.com/2020/05/13/business/paycheck-protection-program-small-business.html
checking-in possible sub-url: https://www.nytimes.com/2020/06/30/us/politics/ppp-extension.html
checking-in possible sub-url: https://www.nytimes.com/2020/07/13/business/small-businesses-coronavirus.html
checking-in possible sub-url: https://www.nytimes.com/by/david-enrich
checking-in possible sub-url: https://www.nytimes.com/by/emily-flitter
checking-in possible sub-url: https://www.nytimes.com/by/stacy-cowley
checking-in possible sub-url: https://www.nytimes.com/live/2020/08/17/business/stock-market-today-coronavirus?action=click
checking-in possible sub-url: https://www.nytimes.com/live/2020/08/17/business/stock-market-today-coronavirus?action=click
checking-in possible sub-url: https://www.nytimes.com/live/2020/08/17/business/stock-market-today-coronavirus?action=click
checking-in possible sub-url: https://www.nytimes.com/live/2020/08/17/business/stock-market-today-coronavirus?action=click
checking-in possible sub-url: https://www.nytimes.com/live/2020/08/17/business/stock-market-today-coronavirus?name=styln-coronavirus-markets
checking-in possible sub-url: https://www.nytimes.com/news-event/coronavirus?name=styln-coronavirus-markets
checking-in possible sub-url: https://www.nytimes.com/section/business/economy
checking-in possible sub-url: https://www.nytimes.com/subscription?campaignId=37WXW
To-do: 118; Done: 12
fetching URL: https://www.nytimes.com/2020/04/26/business/coronavirus-small-business-loans-large-companies.html
Now before generate_all: https://www.nytimes.com/2020/04/26/business/coronavirus-small-business-loans-large-companies.html
Pulling page from https://www.nytimes.com/2020/04/26/business/coronavirus-small-business-loans-large-companies.html, translating to gfm, output: /rw/nytimes-web2pdf/https/www.nytimes.com/2020/04/26/business/coronavirus-small-business-loans-large-companies.html.html
gfm file successfully generated.
Translating /rw/nytimes-web2pdf/https/www.nytimes.com/2020/04/26/business/coronavirus-small-business-loans-large-companies.html.html.md to LaTeX, output: /rw/nytimes-web2pdf/https/www.nytimes.com/2020/04/26/business/coronavirus-small-business-loans-large-companies.html.html.md.tex
LaTeX file successfully generated.
Searching through /rw/nytimes-web2pdf/https/www.nytimes.com/2020/04/26/business/coronavirus-small-business-loans-large-companies.html.html.md.tex for URLs to add to /tmp/web2pdf/11572/11774.urls. Prefix: https://www.nytimes.com
checking-in possible sub-url: https://www.nytimes.com/2020/03/26/business/economy/coronavirus-relief-bill.html
checking-in possible sub-url: https://www.nytimes.com/2020/04/20/business/shake-shack-returning-loan-ppp-coronavirus.html
checking-in possible sub-url: https://www.nytimes.com/2020/04/26/business/ppp-small-business-loans.html
checking-in possible sub-url: https://www.nytimes.com/2020/05/06/business/small-businesses-loans-ppp-coronavirus.html
checking-in possible sub-url: https://www.nytimes.com/by/jesse-drucker
checking-in possible sub-url: https://www.nytimes.com/by/jessica-silver-greenberg
checking-in possible sub-url: https://www.nytimes.com/live/2020/08/17/business/stock-market-today-coronavirus?action=click
checking-in possible sub-url: https://www.nytimes.com/live/2020/08/17/business/stock-market-today-coronavirus?action=click
checking-in possible sub-url: https://www.nytimes.com/live/2020/08/17/business/stock-market-today-coronavirus?action=click
checking-in possible sub-url: https://www.nytimes.com/live/2020/08/17/business/stock-market-today-coronavirus?action=click
checking-in possible sub-url: https://www.nytimes.com/live/2020/08/17/business/stock-market-today-coronavirus?name=styln-coronavirus-markets
checking-in possible sub-url: https://www.nytimes.com/news-event/coronavirus?name=styln-coronavirus-markets
checking-in possible sub-url: https://www.nytimes.com/subscription?campaignId=37WXW
To-do: 123; Done: 13
fetching URL: https://www.nytimes.com/2020/03/26/business/economy/coronavirus-relief-bill.html
Now before generate_all: https://www.nytimes.com/2020/03/26/business/economy/coronavirus-relief-bill.html
Pulling page from https://www.nytimes.com/2020/03/26/business/economy/coronavirus-relief-bill.html, translating to gfm, output: /rw/nytimes-web2pdf/https/www.nytimes.com/2020/03/26/business/economy/coronavirus-relief-bill.html.html
gfm file successfully generated.
Translating /rw/nytimes-web2pdf/https/www.nytimes.com/2020/03/26/business/economy/coronavirus-relief-bill.html.html.md to LaTeX, output: /rw/nytimes-web2pdf/https/www.nytimes.com/2020/03/26/business/economy/coronavirus-relief-bill.html.html.md.tex
LaTeX file successfully generated.
Searching through /rw/nytimes-web2pdf/https/www.nytimes.com/2020/03/26/business/economy/coronavirus-relief-bill.html.html.md.tex for URLs to add to /tmp/web2pdf/11572/11774.urls. Prefix: https://www.nytimes.com
checking-in possible sub-url: https://www.nytimes.com/2020/03/26/business/economy/coronavirus-unemployment-claims.html
checking-in possible sub-url: https://www.nytimes.com/2020/03/26/business/economy/fed-coronavirus-stimulus.html
checking-in possible sub-url: https://www.nytimes.com/2020/07/28/us/politics/coronavirus-relief-bills-house-senate.html
checking-in possible sub-url: https://www.nytimes.com/by/alan-rappeport
checking-in possible sub-url: https://www.nytimes.com/by/david-gelles
checking-in possible sub-url: https://www.nytimes.com/by/jim-tankersley
checking-in possible sub-url: https://www.nytimes.com/by/peter-eavis
checking-in possible sub-url: https://www.nytimes.com/live/2020/08/17/business/stock-market-today-coronavirus?action=click
checking-in possible sub-url: https://www.nytimes.com/live/2020/08/17/business/stock-market-today-coronavirus?action=click
checking-in possible sub-url: https://www.nytimes.com/live/2020/08/17/business/stock-market-today-coronavirus?action=click
checking-in possible sub-url: https://www.nytimes.com/live/2020/08/17/business/stock-market-today-coronavirus?action=click
checking-in possible sub-url: https://www.nytimes.com/live/2020/08/17/business/stock-market-today-coronavirus?name=styln-coronavirus-markets
checking-in possible sub-url: https://www.nytimes.com/news-event/coronavirus?name=styln-coronavirus-markets
checking-in possible sub-url: https://www.nytimes.com/subscription?campaignId=37WXW
To-do: 129; Done: 14
fetching URL: https://www.nytimes.com/2020/03/26/business/economy/coronavirus-unemployment-claims.html
Now before generate_all: https://www.nytimes.com/2020/03/26/business/economy/coronavirus-unemployment-claims.html
Pulling page from https://www.nytimes.com/2020/03/26/business/economy/coronavirus-unemployment-claims.html, translating to gfm, output: /rw/nytimes-web2pdf/https/www.nytimes.com/2020/03/26/business/economy/coronavirus-unemployment-claims.html.html
gfm file successfully generated.
Translating /rw/nytimes-web2pdf/https/www.nytimes.com/2020/03/26/business/economy/coronavirus-unemployment-claims.html.html.md to LaTeX, output: /rw/nytimes-web2pdf/https/www.nytimes.com/2020/03/26/business/economy/coronavirus-unemployment-claims.html.html.md.tex
LaTeX file successfully generated.
Searching through /rw/nytimes-web2pdf/https/www.nytimes.com/2020/03/26/business/economy/coronavirus-unemployment-claims.html.html.md.tex for URLs to add to /tmp/web2pdf/11572/11774.urls. Prefix: https://www.nytimes.com
checking-in possible sub-url: https://www.nytimes.com/2020/03/19/business/coronavirus-unemployment-states.html
checking-in possible sub-url: https://www.nytimes.com/2020/03/25/us/politics/whats-in-coronavirus-stimulus-bill.html
checking-in possible sub-url: https://www.nytimes.com/2020/03/26/us/coronavirus-louisiana-new-orleans.html
checking-in possible sub-url: https://www.nytimes.com/2020/04/03/upshot/coronavirus-jobless-rate-great-depression.html
checking-in possible sub-url: https://www.nytimes.com/article/coronavirus-stimulus-package-questions-answers.html
checking-in possible sub-url: https://www.nytimes.com/by/ben-casselman
checking-in possible sub-url: https://www.nytimes.com/by/patricia-cohen
checking-in possible sub-url: https://www.nytimes.com/by/tiffany-hsu
checking-in possible sub-url: https://www.nytimes.com/live/2020/08/17/business/stock-market-today-coronavirus?action=click
checking-in possible sub-url: https://www.nytimes.com/live/2020/08/17/business/stock-market-today-coronavirus?action=click
checking-in possible sub-url: https://www.nytimes.com/live/2020/08/17/business/stock-market-today-coronavirus?action=click
checking-in possible sub-url: https://www.nytimes.com/live/2020/08/17/business/stock-market-today-coronavirus?action=click
checking-in possible sub-url: https://www.nytimes.com/live/2020/08/17/business/stock-market-today-coronavirus?name=styln-coronavirus-markets
checking-in possible sub-url: https://www.nytimes.com/news-event/coronavirus?name=styln-coronavirus-markets
checking-in possible sub-url: https://www.nytimes.com/subscription?campaignId=37WXW
To-do: 136; Done: 15
fetching URL: https://www.nytimes.com/2020/03/19/business/coronavirus-unemployment-states.html
Now before generate_all: https://www.nytimes.com/2020/03/19/business/coronavirus-unemployment-states.html
Pulling page from https://www.nytimes.com/2020/03/19/business/coronavirus-unemployment-states.html, translating to gfm, output: /rw/nytimes-web2pdf/https/www.nytimes.com/2020/03/19/business/coronavirus-unemployment-states.html.html
gfm file successfully generated.
Translating /rw/nytimes-web2pdf/https/www.nytimes.com/2020/03/19/business/coronavirus-unemployment-states.html.html.md to LaTeX, output: /rw/nytimes-web2pdf/https/www.nytimes.com/2020/03/19/business/coronavirus-unemployment-states.html.html.md.tex
LaTeX file successfully generated.
Searching through /rw/nytimes-web2pdf/https/www.nytimes.com/2020/03/19/business/coronavirus-unemployment-states.html.html.md.tex for URLs to add to /tmp/web2pdf/11572/11774.urls. Prefix: https://www.nytimes.com
checking-in possible sub-url: https://www.nytimes.com/2020/03/16/nyregion/coronavirus-new-york-update.html
checking-in possible sub-url: https://www.nytimes.com/by/tara-siegel-bernard
checking-in possible sub-url: https://www.nytimes.com/interactive/2020/03/19/upshot/coronavirus-jobless-claims-states.html
checking-in possible sub-url: https://www.nytimes.com/live/2020/08/17/business/stock-market-today-coronavirus?action=click
checking-in possible sub-url: https://www.nytimes.com/live/2020/08/17/business/stock-market-today-coronavirus?action=click
checking-in possible sub-url: https://www.nytimes.com/live/2020/08/17/business/stock-market-today-coronavirus?action=click
checking-in possible sub-url: https://www.nytimes.com/live/2020/08/17/business/stock-market-today-coronavirus?action=click
checking-in possible sub-url: https://www.nytimes.com/live/2020/08/17/business/stock-market-today-coronavirus?name=styln-coronavirus-markets
checking-in possible sub-url: https://www.nytimes.com/news-event/coronavirus?name=styln-coronavirus-markets
checking-in possible sub-url: https://www.nytimes.com/subscription?campaignId=37WXW
To-do: 138; Done: 16
fetching URL: https://www.nytimes.com/2020/03/16/nyregion/coronavirus-new-york-update.html
Now before generate_all: https://www.nytimes.com/2020/03/16/nyregion/coronavirus-new-york-update.html
Pulling page from https://www.nytimes.com/2020/03/16/nyregion/coronavirus-new-york-update.html, translating to gfm, output: /rw/nytimes-web2pdf/https/www.nytimes.com/2020/03/16/nyregion/coronavirus-new-york-update.html.html
gfm file successfully generated.
Translating /rw/nytimes-web2pdf/https/www.nytimes.com/2020/03/16/nyregion/coronavirus-new-york-update.html.html.md to LaTeX, output: /rw/nytimes-web2pdf/https/www.nytimes.com/2020/03/16/nyregion/coronavirus-new-york-update.html.html.md.tex
LaTeX file successfully generated.
Searching through /rw/nytimes-web2pdf/https/www.nytimes.com/2020/03/16/nyregion/coronavirus-new-york-update.html.html.md.tex for URLs to add to /tmp/web2pdf/11572/11774.urls. Prefix: https://www.nytimes.com
checking-in possible sub-url: https://www.nytimes.com/2013/07/24/dining/reviews/restaurant-review-daniel-on-the-upper-east-side.html
checking-in possible sub-url: https://www.nytimes.com/2020/03/15/nyregion/coronavirus-nyc-shutdown.html
checking-in possible sub-url: https://www.nytimes.com/2020/03/15/nyregion/nyc-schools-closed.html
checking-in possible sub-url: https://www.nytimes.com/2020/03/16/nyregion/Coronavirus-nyc-economy-.html
checking-in possible sub-url: https://www.nytimes.com/2020/03/16/nyregion/nyc-closing-bars-restaurants-coronavirus.html
checking-in possible sub-url: https://www.nytimes.com/2020/03/16/nyregion/nyc-schools-closed-coronavirus.html
checking-in possible sub-url: https://www.nytimes.com/2020/03/17/nyregion/coronavirus-new-york-update.html
checking-in possible sub-url: https://www.nytimes.com/live/2020/08/17/business/stock-market-today-coronavirus?action=click
checking-in possible sub-url: https://www.nytimes.com/live/2020/08/17/business/stock-market-today-coronavirus?name=styln-coronavirus-national
checking-in possible sub-url: https://www.nytimes.com/news-event/coronavirus?action=click
checking-in possible sub-url: https://www.nytimes.com/news-event/coronavirus?name=styln-coronavirus-national
checking-in possible sub-url: https://www.nytimes.com/subscription?campaignId=37WXW
To-do: 144; Done: 17
fetching URL: https://www.nytimes.com/2013/07/24/dining/reviews/restaurant-review-daniel-on-the-upper-east-side.html
Now before generate_all: https://www.nytimes.com/2013/07/24/dining/reviews/restaurant-review-daniel-on-the-upper-east-side.html
Pulling page from https://www.nytimes.com/2013/07/24/dining/reviews/restaurant-review-daniel-on-the-upper-east-side.html, translating to gfm, output: /rw/nytimes-web2pdf/https/www.nytimes.com/2013/07/24/dining/reviews/restaurant-review-daniel-on-the-upper-east-side.html.html
gfm file successfully generated.
Translating /rw/nytimes-web2pdf/https/www.nytimes.com/2013/07/24/dining/reviews/restaurant-review-daniel-on-the-upper-east-side.html.html.md to LaTeX, output: /rw/nytimes-web2pdf/https/www.nytimes.com/2013/07/24/dining/reviews/restaurant-review-daniel-on-the-upper-east-side.html.html.md.tex
LaTeX file successfully generated.
Searching through /rw/nytimes-web2pdf/https/www.nytimes.com/2013/07/24/dining/reviews/restaurant-review-daniel-on-the-upper-east-side.html.html.md.tex for URLs to add to /tmp/web2pdf/11572/11774.urls. Prefix: https://www.nytimes.com
checking-in possible sub-url: https://www.nytimes.com/by/pete-wells
checking-in possible sub-url: https://www.nytimes.com/slideshow/2013/07/24/dining/20130724-REST.html
checking-in possible sub-url: https://www.nytimes.com/subscription?campaignId=37WXW
To-do: 145; Done: 18
fetching URL: https://www.nytimes.com/2020/03/15/nyregion/coronavirus-nyc-shutdown.html
Now before generate_all: https://www.nytimes.com/2020/03/15/nyregion/coronavirus-nyc-shutdown.html
Pulling page from https://www.nytimes.com/2020/03/15/nyregion/coronavirus-nyc-shutdown.html, translating to gfm, output: /rw/nytimes-web2pdf/https/www.nytimes.com/2020/03/15/nyregion/coronavirus-nyc-shutdown.html.html
gfm file successfully generated.
Translating /rw/nytimes-web2pdf/https/www.nytimes.com/2020/03/15/nyregion/coronavirus-nyc-shutdown.html.html.md to LaTeX, output: /rw/nytimes-web2pdf/https/www.nytimes.com/2020/03/15/nyregion/coronavirus-nyc-shutdown.html.html.md.tex
LaTeX file successfully generated.
Searching through /rw/nytimes-web2pdf/https/www.nytimes.com/2020/03/15/nyregion/coronavirus-nyc-shutdown.html.html.md.tex for URLs to add to /tmp/web2pdf/11572/11774.urls. Prefix: https://www.nytimes.com
checking-in possible sub-url: https://www.nytimes.com/2020/08/05/parenting/parents-distance-learning.html
checking-in possible sub-url: https://www.nytimes.com/2020/08/14/nyregion/school-reopening-nyc.html
checking-in possible sub-url: https://www.nytimes.com/2020/08/14/us/covid-schools-learning-pods.html
checking-in possible sub-url: https://www.nytimes.com/2020/08/15/us/covid-college-tuition.html
checking-in possible sub-url: https://www.nytimes.com/2020/08/16/us/los-angeles-schools-virus-testing.html
checking-in possible sub-url: https://www.nytimes.com/2020/08/17/us/student-newspaper-schools-reopening.html
checking-in possible sub-url: https://www.nytimes.com/by/luis-ferre-sadurni
checking-in possible sub-url: https://www.nytimes.com/spotlight/schools-reopening?action=click
checking-in possible sub-url: https://www.nytimes.com/spotlight/schools-reopening?name=styln-coronavirus-schools-reopening
checking-in possible sub-url: https://www.nytimes.com/subscription?campaignId=37WXW
To-do: 153; Done: 19
fetching URL: https://www.nytimes.com/2020/03/15/nyregion/nyc-schools-closed.html
Now before generate_all: https://www.nytimes.com/2020/03/15/nyregion/nyc-schools-closed.html
Pulling page from https://www.nytimes.com/2020/03/15/nyregion/nyc-schools-closed.html, translating to gfm, output: /rw/nytimes-web2pdf/https/www.nytimes.com/2020/03/15/nyregion/nyc-schools-closed.html.html
gfm file successfully generated.
Translating /rw/nytimes-web2pdf/https/www.nytimes.com/2020/03/15/nyregion/nyc-schools-closed.html.html.md to LaTeX, output: /rw/nytimes-web2pdf/https/www.nytimes.com/2020/03/15/nyregion/nyc-schools-closed.html.html.md.tex
LaTeX file successfully generated.
Searching through /rw/nytimes-web2pdf/https/www.nytimes.com/2020/03/15/nyregion/nyc-schools-closed.html.html.md.tex for URLs to add to /tmp/web2pdf/11572/11774.urls. Prefix: https://www.nytimes.com
checking-in possible sub-url: https://www.nytimes.com/2020/03/07/nyregion/nyc-schools-coronavirus.html
checking-in possible sub-url: https://www.nytimes.com/2020/03/13/nyregion/coronavirus-nyc-schools.html
checking-in possible sub-url: https://www.nytimes.com/by/eliza-shapiro
checking-in possible sub-url: https://www.nytimes.com/spotlight/schools-reopening?action=click
checking-in possible sub-url: https://www.nytimes.com/spotlight/schools-reopening?name=styln-coronavirus-schools-reopening
checking-in possible sub-url: https://www.nytimes.com/subscription?campaignId=37WXW
To-do: 155; Done: 20
fetching URL: https://www.nytimes.com/2020/03/07/nyregion/nyc-schools-coronavirus.html
Now before generate_all: https://www.nytimes.com/2020/03/07/nyregion/nyc-schools-coronavirus.html
Pulling page from https://www.nytimes.com/2020/03/07/nyregion/nyc-schools-coronavirus.html, translating to gfm, output: /rw/nytimes-web2pdf/https/www.nytimes.com/2020/03/07/nyregion/nyc-schools-coronavirus.html.html
gfm file successfully generated.
Translating /rw/nytimes-web2pdf/https/www.nytimes.com/2020/03/07/nyregion/nyc-schools-coronavirus.html.html.md to LaTeX, output: /rw/nytimes-web2pdf/https/www.nytimes.com/2020/03/07/nyregion/nyc-schools-coronavirus.html.html.md.tex
LaTeX file successfully generated.
Searching through /rw/nytimes-web2pdf/https/www.nytimes.com/2020/03/07/nyregion/nyc-schools-coronavirus.html.html.md.tex for URLs to add to /tmp/web2pdf/11572/11774.urls. Prefix: https://www.nytimes.com
checking-in possible sub-url: https://www.nytimes.com/2020/03/04/world/coronavirus-schools-closed.html
checking-in possible sub-url: https://www.nytimes.com/2020/03/07/nyregion/coronavirus-new-york-queens.html
checking-in possible sub-url: https://www.nytimes.com/2020/03/08/nyregion/coronavirus-newyork.html
checking-in possible sub-url: https://www.nytimes.com/2020/03/08/nyregion/coronavirus-nyc.html
checking-in possible sub-url: https://www.nytimes.com/2020/03/09/nyregion/coronavirus-new-york.html
checking-in possible sub-url: https://www.nytimes.com/2020/04/16/nyregion/special-education-coronavirus-nyc.html
checking-in possible sub-url: https://www.nytimes.com/interactive/2019/11/19/nyregion/student-homelessness-nyc.html
checking-in possible sub-url: https://www.nytimes.com/spotlight/schools-reopening?action=click
checking-in possible sub-url: https://www.nytimes.com/spotlight/schools-reopening?name=styln-coronavirus-schools-reopening
checking-in possible sub-url: https://www.nytimes.com/subscription?campaignId=37WXW
To-do: 161; Done: 21
fetching URL: https://www.nytimes.com/2020/03/04/world/coronavirus-schools-closed.html
Now before generate_all: https://www.nytimes.com/2020/03/04/world/coronavirus-schools-closed.html
Pulling page from https://www.nytimes.com/2020/03/04/world/coronavirus-schools-closed.html, translating to gfm, output: /rw/nytimes-web2pdf/https/www.nytimes.com/2020/03/04/world/coronavirus-schools-closed.html.html
gfm file successfully generated.
Translating /rw/nytimes-web2pdf/https/www.nytimes.com/2020/03/04/world/coronavirus-schools-closed.html.html.md to LaTeX, output: /rw/nytimes-web2pdf/https/www.nytimes.com/2020/03/04/world/coronavirus-schools-closed.html.html.md.tex
LaTeX file successfully generated.
Searching through /rw/nytimes-web2pdf/https/www.nytimes.com/2020/03/04/world/coronavirus-schools-closed.html.html.md.tex for URLs to add to /tmp/web2pdf/11572/11774.urls. Prefix: https://www.nytimes.com
checking-in possible sub-url: https://www.nytimes.com/2020/02/23/world/asia/south-korea-coronavirus-moon.html
checking-in possible sub-url: https://www.nytimes.com/2020/02/24/world/europe/24coronavirus-milan-italy.html
checking-in possible sub-url: https://www.nytimes.com/2020/02/27/world/asia/japan-schools-coronavirus.html
checking-in possible sub-url: https://www.nytimes.com/2020/03/05/world/coronavirus-news.html
checking-in possible sub-url: https://www.nytimes.com/2020/03/10/world/asia/south-korea-coronavirus-shincheonji.html
checking-in possible sub-url: https://www.nytimes.com/by/vivian-wang
checking-in possible sub-url: https://www.nytimes.com/es/2020/03/05/espanol/mundo/suspension-clases-coronavirus.html
checking-in possible sub-url: https://www.nytimes.com/spotlight/schools-reopening?action=click
checking-in possible sub-url: https://www.nytimes.com/spotlight/schools-reopening?name=styln-coronavirus-schools-reopening
checking-in possible sub-url: https://www.nytimes.com/subscription?campaignId=37WXW
To-do: 167; Done: 22
fetching URL: https://www.nytimes.com/2020/02/23/world/asia/south-korea-coronavirus-moon.html
Now before generate_all: https://www.nytimes.com/2020/02/23/world/asia/south-korea-coronavirus-moon.html
Pulling page from https://www.nytimes.com/2020/02/23/world/asia/south-korea-coronavirus-moon.html, translating to gfm, output: /rw/nytimes-web2pdf/https/www.nytimes.com/2020/02/23/world/asia/south-korea-coronavirus-moon.html.html
gfm file successfully generated.
Translating /rw/nytimes-web2pdf/https/www.nytimes.com/2020/02/23/world/asia/south-korea-coronavirus-moon.html.html.md to LaTeX, output: /rw/nytimes-web2pdf/https/www.nytimes.com/2020/02/23/world/asia/south-korea-coronavirus-moon.html.html.md.tex
LaTeX file successfully generated.
Searching through /rw/nytimes-web2pdf/https/www.nytimes.com/2020/02/23/world/asia/south-korea-coronavirus-moon.html.html.md.tex for URLs to add to /tmp/web2pdf/11572/11774.urls. Prefix: https://www.nytimes.com
checking-in possible sub-url: https://www.nytimes.com/2019/11/08/world/asia/jun-kwang-hoon-pastor-.html
checking-in possible sub-url: https://www.nytimes.com/2020/02/21/world/asia/south-korea-coronavirus-shincheonji.html
checking-in possible sub-url: https://www.nytimes.com/by/choe-sang-hun
checking-in possible sub-url: https://www.nytimes.com/interactive/2020/02/21/business/coronavirus-airline-travel.html
checking-in possible sub-url: https://www.nytimes.com/interactive/2020/world/asia/china-wuhan-coronavirus-maps.html
checking-in possible sub-url: https://www.nytimes.com/live/2020/08/17/business/stock-market-today-coronavirus?action=click
checking-in possible sub-url: https://www.nytimes.com/live/2020/08/17/business/stock-market-today-coronavirus?name=styln-coronavirus-national
checking-in possible sub-url: https://www.nytimes.com/news-event/coronavirus?action=click
checking-in possible sub-url: https://www.nytimes.com/news-event/coronavirus?name=styln-coronavirus-national
checking-in possible sub-url: https://www.nytimes.com/section/world/asia
checking-in possible sub-url: https://www.nytimes.com/subscription?campaignId=37WXW
To-do: 172; Done: 23
fetching URL: https://www.nytimes.com/2019/11/08/world/asia/jun-kwang-hoon-pastor-.html
Now before generate_all: https://www.nytimes.com/2019/11/08/world/asia/jun-kwang-hoon-pastor-.html
Pulling page from https://www.nytimes.com/2019/11/08/world/asia/jun-kwang-hoon-pastor-.html, translating to gfm, output: /rw/nytimes-web2pdf/https/www.nytimes.com/2019/11/08/world/asia/jun-kwang-hoon-pastor-.html.html
gfm file successfully generated.
Translating /rw/nytimes-web2pdf/https/www.nytimes.com/2019/11/08/world/asia/jun-kwang-hoon-pastor-.html.html.md to LaTeX, output: /rw/nytimes-web2pdf/https/www.nytimes.com/2019/11/08/world/asia/jun-kwang-hoon-pastor-.html.html.md.tex
LaTeX file successfully generated.
Searching through /rw/nytimes-web2pdf/https/www.nytimes.com/2019/11/08/world/asia/jun-kwang-hoon-pastor-.html.html.md.tex for URLs to add to /tmp/web2pdf/11572/11774.urls. Prefix: https://www.nytimes.com
checking-in possible sub-url: https://www.nytimes.com/2019/10/12/world/asia/south-korea-protests.html
checking-in possible sub-url: https://www.nytimes.com/2019/10/14/world/asia/south-korea-cho-kuk-resigns.html
checking-in possible sub-url: https://www.nytimes.com/2019/10/21/world/asia/south-korea-cho-kuk-gold-spoon-elite.html
checking-in possible sub-url: https://www.nytimes.com/subscription?campaignId=37WXW
To-do: 174; Done: 24
fetching URL: https://www.nytimes.com/2019/10/12/world/asia/south-korea-protests.html
Now before generate_all: https://www.nytimes.com/2019/10/12/world/asia/south-korea-protests.html
Pulling page from https://www.nytimes.com/2019/10/12/world/asia/south-korea-protests.html, translating to gfm, output: /rw/nytimes-web2pdf/https/www.nytimes.com/2019/10/12/world/asia/south-korea-protests.html.html
gfm file successfully generated.
Translating /rw/nytimes-web2pdf/https/www.nytimes.com/2019/10/12/world/asia/south-korea-protests.html.html.md to LaTeX, output: /rw/nytimes-web2pdf/https/www.nytimes.com/2019/10/12/world/asia/south-korea-protests.html.html.md.tex
LaTeX file successfully generated.
Searching through /rw/nytimes-web2pdf/https/www.nytimes.com/2019/10/12/world/asia/south-korea-protests.html.html.md.tex for URLs to add to /tmp/web2pdf/11572/11774.urls. Prefix: https://www.nytimes.com
checking-in possible sub-url: https://www.nytimes.com/2016/11/13/world/asia/korea-park-geun-hye-protests.html
checking-in possible sub-url: https://www.nytimes.com/2018/08/24/world/asia/park-geun-hye-sentenced-south-korea.html
checking-in possible sub-url: https://www.nytimes.com/2019/01/23/world/asia/south-korea-chief-justice-japan.html
checking-in possible sub-url: https://www.nytimes.com/subscription?campaignId=37WXW
To-do: 176; Done: 25
fetching URL: https://www.nytimes.com/2016/11/13/world/asia/korea-park-geun-hye-protests.html
Now before generate_all: https://www.nytimes.com/2016/11/13/world/asia/korea-park-geun-hye-protests.html
Pulling page from https://www.nytimes.com/2016/11/13/world/asia/korea-park-geun-hye-protests.html, translating to gfm, output: /rw/nytimes-web2pdf/https/www.nytimes.com/2016/11/13/world/asia/korea-park-geun-hye-protests.html.html
gfm file successfully generated.
Translating /rw/nytimes-web2pdf/https/www.nytimes.com/2016/11/13/world/asia/korea-park-geun-hye-protests.html.html.md to LaTeX, output: /rw/nytimes-web2pdf/https/www.nytimes.com/2016/11/13/world/asia/korea-park-geun-hye-protests.html.html.md.tex
LaTeX file successfully generated.
Searching through /rw/nytimes-web2pdf/https/www.nytimes.com/2016/11/13/world/asia/korea-park-geun-hye-protests.html.html.md.tex for URLs to add to /tmp/web2pdf/11572/11774.urls. Prefix: https://www.nytimes.com
checking-in possible sub-url: https://www.nytimes.com/subscription?campaignId=37WXW
To-do: 175; Done: 26
fetching URL: https://www.nytimes.com/2018/08/24/world/asia/park-geun-hye-sentenced-south-korea.html
Now before generate_all: https://www.nytimes.com/2018/08/24/world/asia/park-geun-hye-sentenced-south-korea.html
Pulling page from https://www.nytimes.com/2018/08/24/world/asia/park-geun-hye-sentenced-south-korea.html, translating to gfm, output: /rw/nytimes-web2pdf/https/www.nytimes.com/2018/08/24/world/asia/park-geun-hye-sentenced-south-korea.html.html
gfm file successfully generated.
Translating /rw/nytimes-web2pdf/https/www.nytimes.com/2018/08/24/world/asia/park-geun-hye-sentenced-south-korea.html.html.md to LaTeX, output: /rw/nytimes-web2pdf/https/www.nytimes.com/2018/08/24/world/asia/park-geun-hye-sentenced-south-korea.html.html.md.tex
LaTeX file successfully generated.
Searching through /rw/nytimes-web2pdf/https/www.nytimes.com/2018/08/24/world/asia/park-geun-hye-sentenced-south-korea.html.html.md.tex for URLs to add to /tmp/web2pdf/11572/11774.urls. Prefix: https://www.nytimes.com
checking-in possible sub-url: https://www.nytimes.com/2016/11/01/world/asia/south-korea-park-geun-hye-choi-soon-sil.html
checking-in possible sub-url: https://www.nytimes.com/2016/12/09/world/asia/south-korea-president-park-geun-hye-impeached.html
checking-in possible sub-url: https://www.nytimes.com/2017/01/02/world/asia/south-korea-park-geun-hye-samsung.html
checking-in possible sub-url: https://www.nytimes.com/2017/03/09/world/asia/park-geun-hye-impeached-south-korea.html
checking-in possible sub-url: https://www.nytimes.com/2018/02/05/business/samsung-lee-jae-yong-appeal.html
checking-in possible sub-url: https://www.nytimes.com/2018/04/06/world/asia/park-geun-hye-south-korea.html
checking-in possible sub-url: https://www.nytimes.com/subscription?campaignId=37WXW
To-do: 180; Done: 27
fetching URL: https://www.nytimes.com/2016/11/01/world/asia/south-korea-park-geun-hye-choi-soon-sil.html
Now before generate_all: https://www.nytimes.com/2016/11/01/world/asia/south-korea-park-geun-hye-choi-soon-sil.html
Pulling page from https://www.nytimes.com/2016/11/01/world/asia/south-korea-park-geun-hye-choi-soon-sil.html, translating to gfm, output: /rw/nytimes-web2pdf/https/www.nytimes.com/2016/11/01/world/asia/south-korea-park-geun-hye-choi-soon-sil.html.html
gfm file successfully generated.
Translating /rw/nytimes-web2pdf/https/www.nytimes.com/2016/11/01/world/asia/south-korea-park-geun-hye-choi-soon-sil.html.html.md to LaTeX, output: /rw/nytimes-web2pdf/https/www.nytimes.com/2016/11/01/world/asia/south-korea-park-geun-hye-choi-soon-sil.html.html.md.tex
LaTeX file successfully generated.
Searching through /rw/nytimes-web2pdf/https/www.nytimes.com/2016/11/01/world/asia/south-korea-park-geun-hye-choi-soon-sil.html.html.md.tex for URLs to add to /tmp/web2pdf/11572/11774.urls. Prefix: https://www.nytimes.com
checking-in possible sub-url: https://www.nytimes.com/subscription?campaignId=37WXW
To-do: 179; Done: 28
fetching URL: https://www.nytimes.com/2016/12/09/world/asia/south-korea-president-park-geun-hye-impeached.html
Now before generate_all: https://www.nytimes.com/2016/12/09/world/asia/south-korea-president-park-geun-hye-impeached.html
Pulling page from https://www.nytimes.com/2016/12/09/world/asia/south-korea-president-park-geun-hye-impeached.html, translating to gfm, output: /rw/nytimes-web2pdf/https/www.nytimes.com/2016/12/09/world/asia/south-korea-president-park-geun-hye-impeached.html.html
gfm file successfully generated.
Translating /rw/nytimes-web2pdf/https/www.nytimes.com/2016/12/09/world/asia/south-korea-president-park-geun-hye-impeached.html.html.md to LaTeX, output: /rw/nytimes-web2pdf/https/www.nytimes.com/2016/12/09/world/asia/south-korea-president-park-geun-hye-impeached.html.html.md.tex
LaTeX file successfully generated.
Searching through /rw/nytimes-web2pdf/https/www.nytimes.com/2016/12/09/world/asia/south-korea-president-park-geun-hye-impeached.html.html.md.tex for URLs to add to /tmp/web2pdf/11572/11774.urls. Prefix: https://www.nytimes.com
checking-in possible sub-url: https://www.nytimes.com/2016/07/08/world/asia/south-korea-and-us-agree-to-deploy-missile-defense-system.html
checking-in possible sub-url: https://www.nytimes.com/2016/11/26/world/asia/korea-park-geun-hye-protests.html
checking-in possible sub-url: https://www.nytimes.com/2016/12/08/world/asia/south-korea-park-geun-hye-accusations-impeachment.html
checking-in possible sub-url: https://www.nytimes.com/2016/12/09/world/asia/south-korea-who-could-replace-park.html
checking-in possible sub-url: https://www.nytimes.com/subscription?campaignId=37WXW
checking-in possible sub-url: https://www.nytimes.com/topic/subject/north-koreas-nuclear-program
To-do: 183; Done: 29
fetching URL: https://www.nytimes.com/2016/07/08/world/asia/south-korea-and-us-agree-to-deploy-missile-defense-system.html
Now before generate_all: https://www.nytimes.com/2016/07/08/world/asia/south-korea-and-us-agree-to-deploy-missile-defense-system.html
Pulling page from https://www.nytimes.com/2016/07/08/world/asia/south-korea-and-us-agree-to-deploy-missile-defense-system.html, translating to gfm, output: /rw/nytimes-web2pdf/https/www.nytimes.com/2016/07/08/world/asia/south-korea-and-us-agree-to-deploy-missile-defense-system.html.html
gfm file successfully generated.
Translating /rw/nytimes-web2pdf/https/www.nytimes.com/2016/07/08/world/asia/south-korea-and-us-agree-to-deploy-missile-defense-system.html.html.md to LaTeX, output: /rw/nytimes-web2pdf/https/www.nytimes.com/2016/07/08/world/asia/south-korea-and-us-agree-to-deploy-missile-defense-system.html.html.md.tex
LaTeX file successfully generated.
Searching through /rw/nytimes-web2pdf/https/www.nytimes.com/2016/07/08/world/asia/south-korea-and-us-agree-to-deploy-missile-defense-system.html.html.md.tex for URLs to add to /tmp/web2pdf/11572/11774.urls. Prefix: https://www.nytimes.com
checking-in possible sub-url: https://www.nytimes.com/subscription?campaignId=37WXW
To-do: 182; Done: 30
fetching URL: https://www.nytimes.com/2016/11/26/world/asia/korea-park-geun-hye-protests.html
Now before generate_all: https://www.nytimes.com/2016/11/26/world/asia/korea-park-geun-hye-protests.html
Pulling page from https://www.nytimes.com/2016/11/26/world/asia/korea-park-geun-hye-protests.html, translating to gfm, output: /rw/nytimes-web2pdf/https/www.nytimes.com/2016/11/26/world/asia/korea-park-geun-hye-protests.html.html
gfm file successfully generated.
Translating /rw/nytimes-web2pdf/https/www.nytimes.com/2016/11/26/world/asia/korea-park-geun-hye-protests.html.html.md to LaTeX, output: /rw/nytimes-web2pdf/https/www.nytimes.com/2016/11/26/world/asia/korea-park-geun-hye-protests.html.html.md.tex
LaTeX file successfully generated.
Searching through /rw/nytimes-web2pdf/https/www.nytimes.com/2016/11/26/world/asia/korea-park-geun-hye-protests.html.html.md.tex for URLs to add to /tmp/web2pdf/11572/11774.urls. Prefix: https://www.nytimes.com
checking-in possible sub-url: https://www.nytimes.com/subscription?campaignId=37WXW
To-do: 181; Done: 31
fetching URL: https://www.nytimes.com/2016/12/08/world/asia/south-korea-park-geun-hye-accusations-impeachment.html
Now before generate_all: https://www.nytimes.com/2016/12/08/world/asia/south-korea-park-geun-hye-accusations-impeachment.html
Pulling page from https://www.nytimes.com/2016/12/08/world/asia/south-korea-park-geun-hye-accusations-impeachment.html, translating to gfm, output: /rw/nytimes-web2pdf/https/www.nytimes.com/2016/12/08/world/asia/south-korea-park-geun-hye-accusations-impeachment.html.html
gfm file successfully generated.
Translating /rw/nytimes-web2pdf/https/www.nytimes.com/2016/12/08/world/asia/south-korea-park-geun-hye-accusations-impeachment.html.html.md to LaTeX, output: /rw/nytimes-web2pdf/https/www.nytimes.com/2016/12/08/world/asia/south-korea-park-geun-hye-accusations-impeachment.html.html.md.tex
LaTeX file successfully generated.
Searching through /rw/nytimes-web2pdf/https/www.nytimes.com/2016/12/08/world/asia/south-korea-park-geun-hye-accusations-impeachment.html.html.md.tex for URLs to add to /tmp/web2pdf/11572/11774.urls. Prefix: https://www.nytimes.com
checking-in possible sub-url: https://www.nytimes.com/subscription?campaignId=37WXW
To-do: 180; Done: 32
fetching URL: https://www.nytimes.com/2016/12/09/world/asia/south-korea-who-could-replace-park.html
Now before generate_all: https://www.nytimes.com/2016/12/09/world/asia/south-korea-who-could-replace-park.html
Pulling page from https://www.nytimes.com/2016/12/09/world/asia/south-korea-who-could-replace-park.html, translating to gfm, output: /rw/nytimes-web2pdf/https/www.nytimes.com/2016/12/09/world/asia/south-korea-who-could-replace-park.html.html
gfm file successfully generated.
Translating /rw/nytimes-web2pdf/https/www.nytimes.com/2016/12/09/world/asia/south-korea-who-could-replace-park.html.html.md to LaTeX, output: /rw/nytimes-web2pdf/https/www.nytimes.com/2016/12/09/world/asia/south-korea-who-could-replace-park.html.html.md.tex
LaTeX file successfully generated.
Searching through /rw/nytimes-web2pdf/https/www.nytimes.com/2016/12/09/world/asia/south-korea-who-could-replace-park.html.html.md.tex for URLs to add to /tmp/web2pdf/11572/11774.urls. Prefix: https://www.nytimes.com
checking-in possible sub-url: https://www.nytimes.com/2014/12/20/world/asia/south-korea-disbands-united-progressive-party-sympathetic-to-north-korea.html
checking-in possible sub-url: https://www.nytimes.com/subscription?campaignId=37WXW
To-do: 180; Done: 33
fetching URL: https://www.nytimes.com/2014/12/20/world/asia/south-korea-disbands-united-progressive-party-sympathetic-to-north-korea.html
Now before generate_all: https://www.nytimes.com/2014/12/20/world/asia/south-korea-disbands-united-progressive-party-sympathetic-to-north-korea.html
Pulling page from https://www.nytimes.com/2014/12/20/world/asia/south-korea-disbands-united-progressive-party-sympathetic-to-north-korea.html, translating to gfm, output: /rw/nytimes-web2pdf/https/www.nytimes.com/2014/12/20/world/asia/south-korea-disbands-united-progressive-party-sympathetic-to-north-korea.html.html
gfm file successfully generated.
Translating /rw/nytimes-web2pdf/https/www.nytimes.com/2014/12/20/world/asia/south-korea-disbands-united-progressive-party-sympathetic-to-north-korea.html.html.md to LaTeX, output: /rw/nytimes-web2pdf/https/www.nytimes.com/2014/12/20/world/asia/south-korea-disbands-united-progressive-party-sympathetic-to-north-korea.html.html.md.tex
LaTeX file successfully generated.
Searching through /rw/nytimes-web2pdf/https/www.nytimes.com/2014/12/20/world/asia/south-korea-disbands-united-progressive-party-sympathetic-to-north-korea.html.html.md.tex for URLs to add to /tmp/web2pdf/11572/11774.urls. Prefix: https://www.nytimes.com
checking-in possible sub-url: https://www.nytimes.com/subscription?campaignId=37WXW
To-do: 179; Done: 34
fetching URL: https://www.nytimes.com/2017/01/02/world/asia/south-korea-park-geun-hye-samsung.html
Now before generate_all: https://www.nytimes.com/2017/01/02/world/asia/south-korea-park-geun-hye-samsung.html
Pulling page from https://www.nytimes.com/2017/01/02/world/asia/south-korea-park-geun-hye-samsung.html, translating to gfm, output: /rw/nytimes-web2pdf/https/www.nytimes.com/2017/01/02/world/asia/south-korea-park-geun-hye-samsung.html.html
gfm file successfully generated.
Translating /rw/nytimes-web2pdf/https/www.nytimes.com/2017/01/02/world/asia/south-korea-park-geun-hye-samsung.html.html.md to LaTeX, output: /rw/nytimes-web2pdf/https/www.nytimes.com/2017/01/02/world/asia/south-korea-park-geun-hye-samsung.html.html.md.tex
LaTeX file successfully generated.
Searching through /rw/nytimes-web2pdf/https/www.nytimes.com/2017/01/02/world/asia/south-korea-park-geun-hye-samsung.html.html.md.tex for URLs to add to /tmp/web2pdf/11572/11774.urls. Prefix: https://www.nytimes.com
checking-in possible sub-url: https://www.nytimes.com/2015/07/05/business/samsung-merger-plan-called-unfair-to-some-investors.html
checking-in possible sub-url: https://www.nytimes.com/2016/10/20/business/international/south-korea-lotte-chaebol-conglomerate-indicted.html
checking-in possible sub-url: https://www.nytimes.com/2016/11/12/world/asia/south-korea-park-geun-hye.html
checking-in possible sub-url: https://www.nytimes.com/2017/01/02/world/asia/south-korea-scandal-choi-soon-sil-daughter.html
checking-in possible sub-url: https://www.nytimes.com/subscription?campaignId=37WXW
To-do: 182; Done: 35
fetching URL: https://www.nytimes.com/2015/07/05/business/samsung-merger-plan-called-unfair-to-some-investors.html
Now before generate_all: https://www.nytimes.com/2015/07/05/business/samsung-merger-plan-called-unfair-to-some-investors.html
Pulling page from https://www.nytimes.com/2015/07/05/business/samsung-merger-plan-called-unfair-to-some-investors.html, translating to gfm, output: /rw/nytimes-web2pdf/https/www.nytimes.com/2015/07/05/business/samsung-merger-plan-called-unfair-to-some-investors.html.html
gfm file successfully generated.
Translating /rw/nytimes-web2pdf/https/www.nytimes.com/2015/07/05/business/samsung-merger-plan-called-unfair-to-some-investors.html.html.md to LaTeX, output: /rw/nytimes-web2pdf/https/www.nytimes.com/2015/07/05/business/samsung-merger-plan-called-unfair-to-some-investors.html.html.md.tex
LaTeX file successfully generated.
Searching through /rw/nytimes-web2pdf/https/www.nytimes.com/2015/07/05/business/samsung-merger-plan-called-unfair-to-some-investors.html.html.md.tex for URLs to add to /tmp/web2pdf/11572/11774.urls. Prefix: https://www.nytimes.com
checking-in possible sub-url: https://www.nytimes.com/column/fair-game
checking-in possible sub-url: https://www.nytimes.com/subscription?campaignId=37WXW
To-do: 182; Done: 36
fetching URL: https://www.nytimes.com/2016/10/20/business/international/south-korea-lotte-chaebol-conglomerate-indicted.html
Now before generate_all: https://www.nytimes.com/2016/10/20/business/international/south-korea-lotte-chaebol-conglomerate-indicted.html
Pulling page from https://www.nytimes.com/2016/10/20/business/international/south-korea-lotte-chaebol-conglomerate-indicted.html, translating to gfm, output: /rw/nytimes-web2pdf/https/www.nytimes.com/2016/10/20/business/international/south-korea-lotte-chaebol-conglomerate-indicted.html.html
gfm file successfully generated.
Translating /rw/nytimes-web2pdf/https/www.nytimes.com/2016/10/20/business/international/south-korea-lotte-chaebol-conglomerate-indicted.html.html.md to LaTeX, output: /rw/nytimes-web2pdf/https/www.nytimes.com/2016/10/20/business/international/south-korea-lotte-chaebol-conglomerate-indicted.html.html.md.tex
LaTeX file successfully generated.
Searching through /rw/nytimes-web2pdf/https/www.nytimes.com/2016/10/20/business/international/south-korea-lotte-chaebol-conglomerate-indicted.html.html.md.tex for URLs to add to /tmp/web2pdf/11572/11774.urls. Prefix: https://www.nytimes.com
checking-in possible sub-url: https://www.nytimes.com/subscription?campaignId=37WXW
To-do: 181; Done: 37
fetching URL: https://www.nytimes.com/2016/11/12/world/asia/south-korea-park-geun-hye.html
Now before generate_all: https://www.nytimes.com/2016/11/12/world/asia/south-korea-park-geun-hye.html
Pulling page from https://www.nytimes.com/2016/11/12/world/asia/south-korea-park-geun-hye.html, translating to gfm, output: /rw/nytimes-web2pdf/https/www.nytimes.com/2016/11/12/world/asia/south-korea-park-geun-hye.html.html
gfm file successfully generated.
Translating /rw/nytimes-web2pdf/https/www.nytimes.com/2016/11/12/world/asia/south-korea-park-geun-hye.html.html.md to LaTeX, output: /rw/nytimes-web2pdf/https/www.nytimes.com/2016/11/12/world/asia/south-korea-park-geun-hye.html.html.md.tex
LaTeX file successfully generated.
Searching through /rw/nytimes-web2pdf/https/www.nytimes.com/2016/11/12/world/asia/south-korea-park-geun-hye.html.html.md.tex for URLs to add to /tmp/web2pdf/11572/11774.urls. Prefix: https://www.nytimes.com
checking-in possible sub-url: https://www.nytimes.com/subscription?campaignId=37WXW
To-do: 180; Done: 38
fetching URL: https://www.nytimes.com/2017/01/02/world/asia/south-korea-scandal-choi-soon-sil-daughter.html
Now before generate_all: https://www.nytimes.com/2017/01/02/world/asia/south-korea-scandal-choi-soon-sil-daughter.html
Pulling page from https://www.nytimes.com/2017/01/02/world/asia/south-korea-scandal-choi-soon-sil-daughter.html, translating to gfm, output: /rw/nytimes-web2pdf/https/www.nytimes.com/2017/01/02/world/asia/south-korea-scandal-choi-soon-sil-daughter.html.html
gfm file successfully generated.
Translating /rw/nytimes-web2pdf/https/www.nytimes.com/2017/01/02/world/asia/south-korea-scandal-choi-soon-sil-daughter.html.html.md to LaTeX, output: /rw/nytimes-web2pdf/https/www.nytimes.com/2017/01/02/world/asia/south-korea-scandal-choi-soon-sil-daughter.html.html.md.tex
LaTeX file successfully generated.
Searching through /rw/nytimes-web2pdf/https/www.nytimes.com/2017/01/02/world/asia/south-korea-scandal-choi-soon-sil-daughter.html.html.md.tex for URLs to add to /tmp/web2pdf/11572/11774.urls. Prefix: https://www.nytimes.com
checking-in possible sub-url: https://www.nytimes.com/subscription?campaignId=37WXW
To-do: 179; Done: 39
fetching URL: https://www.nytimes.com/2017/03/09/world/asia/park-geun-hye-impeached-south-korea.html
Now before generate_all: https://www.nytimes.com/2017/03/09/world/asia/park-geun-hye-impeached-south-korea.html
Pulling page from https://www.nytimes.com/2017/03/09/world/asia/park-geun-hye-impeached-south-korea.html, translating to gfm, output: /rw/nytimes-web2pdf/https/www.nytimes.com/2017/03/09/world/asia/park-geun-hye-impeached-south-korea.html.html
gfm file successfully generated.
Translating /rw/nytimes-web2pdf/https/www.nytimes.com/2017/03/09/world/asia/park-geun-hye-impeached-south-korea.html.html.md to LaTeX, output: /rw/nytimes-web2pdf/https/www.nytimes.com/2017/03/09/world/asia/park-geun-hye-impeached-south-korea.html.html.md.tex
LaTeX file successfully generated.
Searching through /rw/nytimes-web2pdf/https/www.nytimes.com/2017/03/09/world/asia/park-geun-hye-impeached-south-korea.html.html.md.tex for URLs to add to /tmp/web2pdf/11572/11774.urls. Prefix: https://www.nytimes.com
checking-in possible sub-url: https://www.nytimes.com/2017/01/12/world/asia/south
checking-in possible sub-url: https://www.nytimes.com/2017/03/06/world/asia/north-korea-thaad-missile-defense-us-china.html
checking-in possible sub-url: https://www.nytimes.com/2017/03/07/world/asia/korea
checking-in possible sub-url: https://www.nytimes.com/2017/03/07/world/asia/thaad-missile-defense-us-south-korea-china.html
checking-in possible sub-url: https://www.nytimes.com/2017/03/09/business/jay-y-lee-samsung-trial.html
checking-in possible sub-url: https://www.nytimes.com/es/2017/03/10/corea-del-sur-destituye-a-su-presidenta-y-se-reconfigura-el-panorama-politico-en-asia/
checking-in possible sub-url: https://www.nytimes.com/subscription?campaignId=37WXW
To-do: 184; Done: 40
fetching URL: https://www.nytimes.com/2017/01/12/world/asia/south
Now before generate_all: https://www.nytimes.com/2017/01/12/world/asia/south
Pulling page from https://www.nytimes.com/2017/01/12/world/asia/south, translating to gfm, output: /rw/nytimes-web2pdf/https/www.nytimes.com/2017/01/12/world/asia/south.html
gfm file successfully generated.
Translating /rw/nytimes-web2pdf/https/www.nytimes.com/2017/01/12/world/asia/south.html.md to LaTeX, output: /rw/nytimes-web2pdf/https/www.nytimes.com/2017/01/12/world/asia/south.html.md.tex
LaTeX file successfully generated.
Searching through /rw/nytimes-web2pdf/https/www.nytimes.com/2017/01/12/world/asia/south.html.md.tex for URLs to add to /tmp/web2pdf/11572/11774.urls. Prefix: https://www.nytimes.com
checking-in possible sub-url: https://www.nytimes.com/subscription?campaignId=37WXW
To-do: 183; Done: 41
fetching URL: https://www.nytimes.com/2017/03/06/world/asia/north-korea-thaad-missile-defense-us-china.html
Now before generate_all: https://www.nytimes.com/2017/03/06/world/asia/north-korea-thaad-missile-defense-us-china.html
Pulling page from https://www.nytimes.com/2017/03/06/world/asia/north-korea-thaad-missile-defense-us-china.html, translating to gfm, output: /rw/nytimes-web2pdf/https/www.nytimes.com/2017/03/06/world/asia/north-korea-thaad-missile-defense-us-china.html.html
gfm file successfully generated.
Translating /rw/nytimes-web2pdf/https/www.nytimes.com/2017/03/06/world/asia/north-korea-thaad-missile-defense-us-china.html.html.md to LaTeX, output: /rw/nytimes-web2pdf/https/www.nytimes.com/2017/03/06/world/asia/north-korea-thaad-missile-defense-us-china.html.html.md.tex
LaTeX file successfully generated.
Searching through /rw/nytimes-web2pdf/https/www.nytimes.com/2017/03/06/world/asia/north-korea-thaad-missile-defense-us-china.html.html.md.tex for URLs to add to /tmp/web2pdf/11572/11774.urls. Prefix: https://www.nytimes.com
checking-in possible sub-url: https://www.nytimes.com/2016/07/14/world/asia/south-korea-thaad-us.html
checking-in possible sub-url: https://www.nytimes.com/2017/02/02/world/asia/james-mattis-us-korea-thaad.html
checking-in possible sub-url: https://www.nytimes.com/2017/03/02/world/asia/china-north-south-korea.html
checking-in possible sub-url: https://www.nytimes.com/2017/03/05/world/north-korea-ballistic-missiles.html
checking-in possible sub-url: https://www.nytimes.com/subscription?campaignId=37WXW
checking-in possible sub-url: https://www.nytimes.com/topic/destination/china?inline=nyt-geo
checking-in possible sub-url: https://www.nytimes.com/topic/destination/south-korea?8qa
To-do: 188; Done: 42
fetching URL: https://www.nytimes.com/2016/07/14/world/asia/south-korea-thaad-us.html
Now before generate_all: https://www.nytimes.com/2016/07/14/world/asia/south-korea-thaad-us.html
Pulling page from https://www.nytimes.com/2016/07/14/world/asia/south-korea-thaad-us.html, translating to gfm, output: /rw/nytimes-web2pdf/https/www.nytimes.com/2016/07/14/world/asia/south-korea-thaad-us.html.html
gfm file successfully generated.
Translating /rw/nytimes-web2pdf/https/www.nytimes.com/2016/07/14/world/asia/south-korea-thaad-us.html.html.md to LaTeX, output: /rw/nytimes-web2pdf/https/www.nytimes.com/2016/07/14/world/asia/south-korea-thaad-us.html.html.md.tex
LaTeX file successfully generated.
Searching through /rw/nytimes-web2pdf/https/www.nytimes.com/2016/07/14/world/asia/south-korea-thaad-us.html.html.md.tex for URLs to add to /tmp/web2pdf/11572/11774.urls. Prefix: https://www.nytimes.com
checking-in possible sub-url: https://www.nytimes.com/subscription?campaignId=37WXW
To-do: 187; Done: 43
fetching URL: https://www.nytimes.com/2017/02/02/world/asia/james-mattis-us-korea-thaad.html
Now before generate_all: https://www.nytimes.com/2017/02/02/world/asia/james-mattis-us-korea-thaad.html
Pulling page from https://www.nytimes.com/2017/02/02/world/asia/james-mattis-us-korea-thaad.html, translating to gfm, output: /rw/nytimes-web2pdf/https/www.nytimes.com/2017/02/02/world/asia/james-mattis-us-korea-thaad.html.html
gfm file successfully generated.
Translating /rw/nytimes-web2pdf/https/www.nytimes.com/2017/02/02/world/asia/james-mattis-us-korea-thaad.html.html.md to LaTeX, output: /rw/nytimes-web2pdf/https/www.nytimes.com/2017/02/02/world/asia/james-mattis-us-korea-thaad.html.html.md.tex
LaTeX file successfully generated.
Searching through /rw/nytimes-web2pdf/https/www.nytimes.com/2017/02/02/world/asia/james-mattis-us-korea-thaad.html.html.md.tex for URLs to add to /tmp/web2pdf/11572/11774.urls. Prefix: https://www.nytimes.com
checking-in possible sub-url: https://www.nytimes.com/2017/01/01/world/asia/north-korea-intercontinental-ballistic-missile-test-kim-jong-un.html
checking-in possible sub-url: https://www.nytimes.com/2017/01/02/world/asia/trump-twitter-north-korea-missiles-china.html
checking-in possible sub-url: https://www.nytimes.com/2017/01/23/us/politics/tpp-trump-trade-nafta.html
checking-in possible sub-url: https://www.nytimes.com/2017/01/30/world/asia/trump-north-korea-south.html
checking-in possible sub-url: https://www.nytimes.com/subscription?campaignId=37WXW
To-do: 190; Done: 44
fetching URL: https://www.nytimes.com/2017/01/01/world/asia/north-korea-intercontinental-ballistic-missile-test-kim-jong-un.html
Now before generate_all: https://www.nytimes.com/2017/01/01/world/asia/north-korea-intercontinental-ballistic-missile-test-kim-jong-un.html
Pulling page from https://www.nytimes.com/2017/01/01/world/asia/north-korea-intercontinental-ballistic-missile-test-kim-jong-un.html, translating to gfm, output: /rw/nytimes-web2pdf/https/www.nytimes.com/2017/01/01/world/asia/north-korea-intercontinental-ballistic-missile-test-kim-jong-un.html.html
gfm file successfully generated.
Translating /rw/nytimes-web2pdf/https/www.nytimes.com/2017/01/01/world/asia/north-korea-intercontinental-ballistic-missile-test-kim-jong-un.html.html.md to LaTeX, output: /rw/nytimes-web2pdf/https/www.nytimes.com/2017/01/01/world/asia/north-korea-intercontinental-ballistic-missile-test-kim-jong-un.html.html.md.tex
LaTeX file successfully generated.
Searching through /rw/nytimes-web2pdf/https/www.nytimes.com/2017/01/01/world/asia/north-korea-intercontinental-ballistic-missile-test-kim-jong-un.html.html.md.tex for URLs to add to /tmp/web2pdf/11572/11774.urls. Prefix: https://www.nytimes.com
checking-in possible sub-url: https://www.nytimes.com/2016/09/21/world/asia/north-korea-says-it-has-tested-a-new-long-range-rocket-engine.html
checking-in possible sub-url: https://www.nytimes.com/subscription?campaignId=37WXW
To-do: 190; Done: 45
fetching URL: https://www.nytimes.com/2016/09/21/world/asia/north-korea-says-it-has-tested-a-new-long-range-rocket-engine.html
Now before generate_all: https://www.nytimes.com/2016/09/21/world/asia/north-korea-says-it-has-tested-a-new-long-range-rocket-engine.html
Pulling page from https://www.nytimes.com/2016/09/21/world/asia/north-korea-says-it-has-tested-a-new-long-range-rocket-engine.html, translating to gfm, output: /rw/nytimes-web2pdf/https/www.nytimes.com/2016/09/21/world/asia/north-korea-says-it-has-tested-a-new-long-range-rocket-engine.html.html
gfm file successfully generated.
Translating /rw/nytimes-web2pdf/https/www.nytimes.com/2016/09/21/world/asia/north-korea-says-it-has-tested-a-new-long-range-rocket-engine.html.html.md to LaTeX, output: /rw/nytimes-web2pdf/https/www.nytimes.com/2016/09/21/world/asia/north-korea-says-it-has-tested-a-new-long-range-rocket-engine.html.html.md.tex
LaTeX file successfully generated.
Searching through /rw/nytimes-web2pdf/https/www.nytimes.com/2016/09/21/world/asia/north-korea-says-it-has-tested-a-new-long-range-rocket-engine.html.html.md.tex for URLs to add to /tmp/web2pdf/11572/11774.urls. Prefix: https://www.nytimes.com
checking-in possible sub-url: https://www.nytimes.com/subscription?campaignId=37WXW
To-do: 189; Done: 46
fetching URL: https://www.nytimes.com/2017/01/02/world/asia/trump-twitter-north-korea-missiles-china.html
Now before generate_all: https://www.nytimes.com/2017/01/02/world/asia/trump-twitter-north-korea-missiles-china.html
Pulling page from https://www.nytimes.com/2017/01/02/world/asia/trump-twitter-north-korea-missiles-china.html, translating to gfm, output: /rw/nytimes-web2pdf/https/www.nytimes.com/2017/01/02/world/asia/trump-twitter-north-korea-missiles-china.html.html
gfm file successfully generated.
Translating /rw/nytimes-web2pdf/https/www.nytimes.com/2017/01/02/world/asia/trump-twitter-north-korea-missiles-china.html.html.md to LaTeX, output: /rw/nytimes-web2pdf/https/www.nytimes.com/2017/01/02/world/asia/trump-twitter-north-korea-missiles-china.html.html.md.tex
LaTeX file successfully generated.
Searching through /rw/nytimes-web2pdf/https/www.nytimes.com/2017/01/02/world/asia/trump-twitter-north-korea-missiles-china.html.html.md.tex for URLs to add to /tmp/web2pdf/11572/11774.urls. Prefix: https://www.nytimes.com
checking-in possible sub-url: https://www.nytimes.com/2016/01/07/world/asia/north-korea-hydrogen-bomb-q-a.html
checking-in possible sub-url: https://www.nytimes.com/subscription?campaignId=37WXW
To-do: 189; Done: 47
fetching URL: https://www.nytimes.com/2016/01/07/world/asia/north-korea-hydrogen-bomb-q-a.html
Now before generate_all: https://www.nytimes.com/2016/01/07/world/asia/north-korea-hydrogen-bomb-q-a.html
Pulling page from https://www.nytimes.com/2016/01/07/world/asia/north-korea-hydrogen-bomb-q-a.html, translating to gfm, output: /rw/nytimes-web2pdf/https/www.nytimes.com/2016/01/07/world/asia/north-korea-hydrogen-bomb-q-a.html.html
gfm file successfully generated.
Translating /rw/nytimes-web2pdf/https/www.nytimes.com/2016/01/07/world/asia/north-korea-hydrogen-bomb-q-a.html.html.md to LaTeX, output: /rw/nytimes-web2pdf/https/www.nytimes.com/2016/01/07/world/asia/north-korea-hydrogen-bomb-q-a.html.html.md.tex
LaTeX file successfully generated.
Searching through /rw/nytimes-web2pdf/https/www.nytimes.com/2016/01/07/world/asia/north-korea-hydrogen-bomb-q-a.html.html.md.tex for URLs to add to /tmp/web2pdf/11572/11774.urls. Prefix: https://www.nytimes.com
checking-in possible sub-url: https://www.nytimes.com/subscription?campaignId=37WXW
To-do: 188; Done: 48
fetching URL: https://www.nytimes.com/2017/01/23/us/politics/tpp-trump-trade-nafta.html
Now before generate_all: https://www.nytimes.com/2017/01/23/us/politics/tpp-trump-trade-nafta.html
Pulling page from https://www.nytimes.com/2017/01/23/us/politics/tpp-trump-trade-nafta.html, translating to gfm, output: /rw/nytimes-web2pdf/https/www.nytimes.com/2017/01/23/us/politics/tpp-trump-trade-nafta.html.html
gfm file successfully generated.
Translating /rw/nytimes-web2pdf/https/www.nytimes.com/2017/01/23/us/politics/tpp-trump-trade-nafta.html.html.md to LaTeX, output: /rw/nytimes-web2pdf/https/www.nytimes.com/2017/01/23/us/politics/tpp-trump-trade-nafta.html.html.md.tex
LaTeX file successfully generated.
Searching through /rw/nytimes-web2pdf/https/www.nytimes.com/2017/01/23/us/politics/tpp-trump-trade-nafta.html.html.md.tex for URLs to add to /tmp/web2pdf/11572/11774.urls. Prefix: https://www.nytimes.com
checking-in possible sub-url: https://www.nytimes.com/2015/06/15/world/asia/the-trans-pacific-trade-deal-and-a-presidents-legacy.html
checking-in possible sub-url: https://www.nytimes.com/2016/10/04/upshot/donald-trump-trashes-nafta-but-unwinding-it-would-come-at-a-huge-cost.html
checking-in possible sub-url: https://www.nytimes.com/2016/12/21/us/politics/peter-navarro-carl-icahn-trump-china-trade.html
checking-in possible sub-url: https://www.nytimes.com/2017/01/23/world/trump-ban-foreign-aid-abortions.html
checking-in possible sub-url: https://www.nytimes.com/interactive/2016/business/tpp-explained-what-is-trans-pacific-partnership.html
checking-in possible sub-url: https://www.nytimes.com/subscription?campaignId=37WXW
To-do: 192; Done: 49
fetching URL: https://www.nytimes.com/2015/06/15/world/asia/the-trans-pacific-trade-deal-and-a-presidents-legacy.html
Now before generate_all: https://www.nytimes.com/2015/06/15/world/asia/the-trans-pacific-trade-deal-and-a-presidents-legacy.html
Pulling page from https://www.nytimes.com/2015/06/15/world/asia/the-trans-pacific-trade-deal-and-a-presidents-legacy.html, translating to gfm, output: /rw/nytimes-web2pdf/https/www.nytimes.com/2015/06/15/world/asia/the-trans-pacific-trade-deal-and-a-presidents-legacy.html.html
gfm file successfully generated.
Translating /rw/nytimes-web2pdf/https/www.nytimes.com/2015/06/15/world/asia/the-trans-pacific-trade-deal-and-a-presidents-legacy.html.html.md to LaTeX, output: /rw/nytimes-web2pdf/https/www.nytimes.com/2015/06/15/world/asia/the-trans-pacific-trade-deal-and-a-presidents-legacy.html.html.md.tex
LaTeX file successfully generated.
Searching through /rw/nytimes-web2pdf/https/www.nytimes.com/2015/06/15/world/asia/the-trans-pacific-trade-deal-and-a-presidents-legacy.html.html.md.tex for URLs to add to /tmp/web2pdf/11572/11774.urls. Prefix: https://www.nytimes.com
checking-in possible sub-url: https://www.nytimes.com/subscription?campaignId=37WXW
To-do: 191; Done: 50
fetching URL: https://www.nytimes.com/2016/10/04/upshot/donald-trump-trashes-nafta-but-unwinding-it-would-come-at-a-huge-cost.html
Now before generate_all: https://www.nytimes.com/2016/10/04/upshot/donald-trump-trashes-nafta-but-unwinding-it-would-come-at-a-huge-cost.html
Pulling page from https://www.nytimes.com/2016/10/04/upshot/donald-trump-trashes-nafta-but-unwinding-it-would-come-at-a-huge-cost.html, translating to gfm, output: /rw/nytimes-web2pdf/https/www.nytimes.com/2016/10/04/upshot/donald-trump-trashes-nafta-but-unwinding-it-would-come-at-a-huge-cost.html.html
gfm file successfully generated.
Translating /rw/nytimes-web2pdf/https/www.nytimes.com/2016/10/04/upshot/donald-trump-trashes-nafta-but-unwinding-it-would-come-at-a-huge-cost.html.html.md to LaTeX, output: /rw/nytimes-web2pdf/https/www.nytimes.com/2016/10/04/upshot/donald-trump-trashes-nafta-but-unwinding-it-would-come-at-a-huge-cost.html.html.md.tex
LaTeX file successfully generated.
Searching through /rw/nytimes-web2pdf/https/www.nytimes.com/2016/10/04/upshot/donald-trump-trashes-nafta-but-unwinding-it-would-come-at-a-huge-cost.html.html.md.tex for URLs to add to /tmp/web2pdf/11572/11774.urls. Prefix: https://www.nytimes.com
checking-in possible sub-url: https://www.nytimes.com/subscription?campaignId=37WXW
checking-in possible sub-url: https://www.nytimes.com/section/upshot
To-do: 191; Done: 51
fetching URL: https://www.nytimes.com/2016/12/21/us/politics/peter-navarro-carl-icahn-trump-china-trade.html
Now before generate_all: https://www.nytimes.com/2016/12/21/us/politics/peter-navarro-carl-icahn-trump-china-trade.html
Pulling page from https://www.nytimes.com/2016/12/21/us/politics/peter-navarro-carl-icahn-trump-china-trade.html, translating to gfm, output: /rw/nytimes-web2pdf/https/www.nytimes.com/2016/12/21/us/politics/peter-navarro-carl-icahn-trump-china-trade.html.html
gfm file successfully generated.
Translating /rw/nytimes-web2pdf/https/www.nytimes.com/2016/12/21/us/politics/peter-navarro-carl-icahn-trump-china-trade.html.html.md to LaTeX, output: /rw/nytimes-web2pdf/https/www.nytimes.com/2016/12/21/us/politics/peter-navarro-carl-icahn-trump-china-trade.html.html.md.tex
LaTeX file successfully generated.
Searching through /rw/nytimes-web2pdf/https/www.nytimes.com/2016/12/21/us/politics/peter-navarro-carl-icahn-trump-china-trade.html.html.md.tex for URLs to add to /tmp/web2pdf/11572/11774.urls. Prefix: https://www.nytimes.com
checking-in possible sub-url: https://www.nytimes.com/2016/11/24/us/politics/wilbur-ross-commerce-trump.html
checking-in possible sub-url: https://www.nytimes.com/2016/12/12/business/dealbook/goldman-sachs-gary-cohn.html
checking-in possible sub-url: https://www.nytimes.com/2016/12/12/us/politics/rex-tillerson-secretary-of-state-trump.html
checking-in possible sub-url: https://www.nytimes.com/interactive/2016/12/05/us/politics/trump-cabinet-insiders-outsiders-millionaires.html
checking-in possible sub-url: https://www.nytimes.com/interactive/2016/us/politics/donald-trump-administration.html
checking-in possible sub-url: https://www.nytimes.com/subscription?campaignId=37WXW
To-do: 195; Done: 52
fetching URL: https://www.nytimes.com/2016/11/24/us/politics/wilbur-ross-commerce-trump.html
Now before generate_all: https://www.nytimes.com/2016/11/24/us/politics/wilbur-ross-commerce-trump.html
Pulling page from https://www.nytimes.com/2016/11/24/us/politics/wilbur-ross-commerce-trump.html, translating to gfm, output: /rw/nytimes-web2pdf/https/www.nytimes.com/2016/11/24/us/politics/wilbur-ross-commerce-trump.html.html
gfm file successfully generated.
Translating /rw/nytimes-web2pdf/https/www.nytimes.com/2016/11/24/us/politics/wilbur-ross-commerce-trump.html.html.md to LaTeX, output: /rw/nytimes-web2pdf/https/www.nytimes.com/2016/11/24/us/politics/wilbur-ross-commerce-trump.html.html.md.tex
LaTeX file successfully generated.
Searching through /rw/nytimes-web2pdf/https/www.nytimes.com/2016/11/24/us/politics/wilbur-ross-commerce-trump.html.html.md.tex for URLs to add to /tmp/web2pdf/11572/11774.urls. Prefix: https://www.nytimes.com
checking-in possible sub-url: https://www.nytimes.com/by/julie-hirschfeld-davis
checking-in possible sub-url: https://www.nytimes.com/subscription?campaignId=37WXW
To-do: 195; Done: 53
fetching URL: https://www.nytimes.com/2016/12/12/business/dealbook/goldman-sachs-gary-cohn.html
Now before generate_all: https://www.nytimes.com/2016/12/12/business/dealbook/goldman-sachs-gary-cohn.html
Pulling page from https://www.nytimes.com/2016/12/12/business/dealbook/goldman-sachs-gary-cohn.html, translating to gfm, output: /rw/nytimes-web2pdf/https/www.nytimes.com/2016/12/12/business/dealbook/goldman-sachs-gary-cohn.html.html
gfm file successfully generated.
Translating /rw/nytimes-web2pdf/https/www.nytimes.com/2016/12/12/business/dealbook/goldman-sachs-gary-cohn.html.html.md to LaTeX, output: /rw/nytimes-web2pdf/https/www.nytimes.com/2016/12/12/business/dealbook/goldman-sachs-gary-cohn.html.html.md.tex
LaTeX file successfully generated.
Searching through /rw/nytimes-web2pdf/https/www.nytimes.com/2016/12/12/business/dealbook/goldman-sachs-gary-cohn.html.html.md.tex for URLs to add to /tmp/web2pdf/11572/11774.urls. Prefix: https://www.nytimes.com
checking-in possible sub-url: https://www.nytimes.com/2016/11/21/business/dealbook/michael-sherwood-goldman-sachss-co-head-of-europe-to-step-down.html
checking-in possible sub-url: https://www.nytimes.com/subscription?campaignId=37WXW
checking-in possible sub-url: https://www.nytimes.com/section/business/dealbook
To-do: 196; Done: 54
fetching URL: https://www.nytimes.com/2016/11/21/business/dealbook/michael-sherwood-goldman-sachss-co-head-of-europe-to-step-down.html
Now before generate_all: https://www.nytimes.com/2016/11/21/business/dealbook/michael-sherwood-goldman-sachss-co-head-of-europe-to-step-down.html
Pulling page from https://www.nytimes.com/2016/11/21/business/dealbook/michael-sherwood-goldman-sachss-co-head-of-europe-to-step-down.html, translating to gfm, output: /rw/nytimes-web2pdf/https/www.nytimes.com/2016/11/21/business/dealbook/michael-sherwood-goldman-sachss-co-head-of-europe-to-step-down.html.html
gfm file successfully generated.
Translating /rw/nytimes-web2pdf/https/www.nytimes.com/2016/11/21/business/dealbook/michael-sherwood-goldman-sachss-co-head-of-europe-to-step-down.html.html.md to LaTeX, output: /rw/nytimes-web2pdf/https/www.nytimes.com/2016/11/21/business/dealbook/michael-sherwood-goldman-sachss-co-head-of-europe-to-step-down.html.html.md.tex
LaTeX file successfully generated.
Searching through /rw/nytimes-web2pdf/https/www.nytimes.com/2016/11/21/business/dealbook/michael-sherwood-goldman-sachss-co-head-of-europe-to-step-down.html.html.md.tex for URLs to add to /tmp/web2pdf/11572/11774.urls. Prefix: https://www.nytimes.com
checking-in possible sub-url: https://www.nytimes.com/subscription?campaignId=37WXW
To-do: 195; Done: 55
fetching URL: https://www.nytimes.com/2016/12/12/us/politics/rex-tillerson-secretary-of-state-trump.html
Now before generate_all: https://www.nytimes.com/2016/12/12/us/politics/rex-tillerson-secretary-of-state-trump.html
Pulling page from https://www.nytimes.com/2016/12/12/us/politics/rex-tillerson-secretary-of-state-trump.html, translating to gfm, output: /rw/nytimes-web2pdf/https/www.nytimes.com/2016/12/12/us/politics/rex-tillerson-secretary-of-state-trump.html.html
gfm file successfully generated.
Translating /rw/nytimes-web2pdf/https/www.nytimes.com/2016/12/12/us/politics/rex-tillerson-secretary-of-state-trump.html.html.md to LaTeX, output: /rw/nytimes-web2pdf/https/www.nytimes.com/2016/12/12/us/politics/rex-tillerson-secretary-of-state-trump.html.html.md.tex
LaTeX file successfully generated.
Searching through /rw/nytimes-web2pdf/https/www.nytimes.com/2016/12/12/us/politics/rex-tillerson-secretary-of-state-trump.html.html.md.tex for URLs to add to /tmp/web2pdf/11572/11774.urls. Prefix: https://www.nytimes.com
checking-in possible sub-url: https://www.nytimes.com/2016/11/16/us/politics/donald-trump-cabinet-rudy-giuliani.html
checking-in possible sub-url: https://www.nytimes.com/2016/11/20/us/politics/donald-trump-mitt-romney-secretary-state.html
checking-in possible sub-url: https://www.nytimes.com/2016/11/24/us/politics/donald-trump-mitt-romney-rudy-giuliani-state.html
checking-in possible sub-url: https://www.nytimes.com/2016/12/09/us/politics/rex-tillerson-secretary-of-state-exxon-donald-trump.html
checking-in possible sub-url: https://www.nytimes.com/subscription?campaignId=37WXW
To-do: 198; Done: 56
fetching URL: https://www.nytimes.com/2016/11/16/us/politics/donald-trump-cabinet-rudy-giuliani.html
Now before generate_all: https://www.nytimes.com/2016/11/16/us/politics/donald-trump-cabinet-rudy-giuliani.html
Pulling page from https://www.nytimes.com/2016/11/16/us/politics/donald-trump-cabinet-rudy-giuliani.html, translating to gfm, output: /rw/nytimes-web2pdf/https/www.nytimes.com/2016/11/16/us/politics/donald-trump-cabinet-rudy-giuliani.html.html
gfm file successfully generated.
Translating /rw/nytimes-web2pdf/https/www.nytimes.com/2016/11/16/us/politics/donald-trump-cabinet-rudy-giuliani.html.html.md to LaTeX, output: /rw/nytimes-web2pdf/https/www.nytimes.com/2016/11/16/us/politics/donald-trump-cabinet-rudy-giuliani.html.html.md.tex
LaTeX file successfully generated.
Searching through /rw/nytimes-web2pdf/https/www.nytimes.com/2016/11/16/us/politics/donald-trump-cabinet-rudy-giuliani.html.html.md.tex for URLs to add to /tmp/web2pdf/11572/11774.urls. Prefix: https://www.nytimes.com
checking-in possible sub-url: https://www.nytimes.com/interactive/2016/11/11/us/politics/what-trump-wants-to-change.html
checking-in possible sub-url: https://www.nytimes.com/subscription?campaignId=37WXW
To-do: 198; Done: 57
fetching URL: https://www.nytimes.com/2016/11/20/us/politics/donald-trump-mitt-romney-secretary-state.html
Now before generate_all: https://www.nytimes.com/2016/11/20/us/politics/donald-trump-mitt-romney-secretary-state.html
Pulling page from https://www.nytimes.com/2016/11/20/us/politics/donald-trump-mitt-romney-secretary-state.html, translating to gfm, output: /rw/nytimes-web2pdf/https/www.nytimes.com/2016/11/20/us/politics/donald-trump-mitt-romney-secretary-state.html.html
gfm file successfully generated.
Translating /rw/nytimes-web2pdf/https/www.nytimes.com/2016/11/20/us/politics/donald-trump-mitt-romney-secretary-state.html.html.md to LaTeX, output: /rw/nytimes-web2pdf/https/www.nytimes.com/2016/11/20/us/politics/donald-trump-mitt-romney-secretary-state.html.html.md.tex
LaTeX file successfully generated.
Searching through /rw/nytimes-web2pdf/https/www.nytimes.com/2016/11/20/us/politics/donald-trump-mitt-romney-secretary-state.html.html.md.tex for URLs to add to /tmp/web2pdf/11572/11774.urls. Prefix: https://www.nytimes.com
checking-in possible sub-url: https://www.nytimes.com/subscription?campaignId=37WXW
To-do: 197; Done: 58
fetching URL: https://www.nytimes.com/2016/11/24/us/politics/donald-trump-mitt-romney-rudy-giuliani-state.html
Now before generate_all: https://www.nytimes.com/2016/11/24/us/politics/donald-trump-mitt-romney-rudy-giuliani-state.html
Pulling page from https://www.nytimes.com/2016/11/24/us/politics/donald-trump-mitt-romney-rudy-giuliani-state.html, translating to gfm, output: /rw/nytimes-web2pdf/https/www.nytimes.com/2016/11/24/us/politics/donald-trump-mitt-romney-rudy-giuliani-state.html.html
gfm file successfully generated.
Translating /rw/nytimes-web2pdf/https/www.nytimes.com/2016/11/24/us/politics/donald-trump-mitt-romney-rudy-giuliani-state.html.html.md to LaTeX, output: /rw/nytimes-web2pdf/https/www.nytimes.com/2016/11/24/us/politics/donald-trump-mitt-romney-rudy-giuliani-state.html.html.md.tex
LaTeX file successfully generated.
Searching through /rw/nytimes-web2pdf/https/www.nytimes.com/2016/11/24/us/politics/donald-trump-mitt-romney-rudy-giuliani-state.html.html.md.tex for URLs to add to /tmp/web2pdf/11572/11774.urls. Prefix: https://www.nytimes.com
checking-in possible sub-url: https://www.nytimes.com/subscription?campaignId=37WXW
To-do: 196; Done: 59
fetching URL: https://www.nytimes.com/2016/12/09/us/politics/rex-tillerson-secretary-of-state-exxon-donald-trump.html
Now before generate_all: https://www.nytimes.com/2016/12/09/us/politics/rex-tillerson-secretary-of-state-exxon-donald-trump.html
Pulling page from https://www.nytimes.com/2016/12/09/us/politics/rex-tillerson-secretary-of-state-exxon-donald-trump.html, translating to gfm, output: /rw/nytimes-web2pdf/https/www.nytimes.com/2016/12/09/us/politics/rex-tillerson-secretary-of-state-exxon-donald-trump.html.html
gfm file successfully generated.
Translating /rw/nytimes-web2pdf/https/www.nytimes.com/2016/12/09/us/politics/rex-tillerson-secretary-of-state-exxon-donald-trump.html.html.md to LaTeX, output: /rw/nytimes-web2pdf/https/www.nytimes.com/2016/12/09/us/politics/rex-tillerson-secretary-of-state-exxon-donald-trump.html.html.md.tex
LaTeX file successfully generated.
Searching through /rw/nytimes-web2pdf/https/www.nytimes.com/2016/12/09/us/politics/rex-tillerson-secretary-of-state-exxon-donald-trump.html.html.md.tex for URLs to add to /tmp/web2pdf/11572/11774.urls. Prefix: https://www.nytimes.com
checking-in possible sub-url: https://www.nytimes.com/subscription?campaignId=37WXW
To-do: 195; Done: 60
fetching URL: https://www.nytimes.com/2017/01/23/world/trump-ban-foreign-aid-abortions.html
Now before generate_all: https://www.nytimes.com/2017/01/23/world/trump-ban-foreign-aid-abortions.html
Pulling page from https://www.nytimes.com/2017/01/23/world/trump-ban-foreign-aid-abortions.html, translating to gfm, output: /rw/nytimes-web2pdf/https/www.nytimes.com/2017/01/23/world/trump-ban-foreign-aid-abortions.html.html
